[2025-11-29T18:08:07.111+0000] {processor.py:161} INFO - Started process (PID=179) to work on /opt/airflow/dags/daily_etl.py
[2025-11-29T18:08:07.112+0000] {processor.py:830} INFO - Processing file /opt/airflow/dags/daily_etl.py for tasks to queue
[2025-11-29T18:08:07.114+0000] {logging_mixin.py:188} INFO - [2025-11-29T18:08:07.114+0000] {dagbag.py:538} INFO - Filling up the DagBag from /opt/airflow/dags/daily_etl.py
[2025-11-29T18:08:07.134+0000] {logging_mixin.py:188} INFO - [2025-11-29T18:08:07.130+0000] {dagbag.py:348} ERROR - Failed to import: /opt/airflow/dags/daily_etl.py
Traceback (most recent call last):
  File "/home/airflow/.local/lib/python3.8/site-packages/airflow/models/dagbag.py", line 344, in parse
    loader.exec_module(new_module)
  File "<frozen importlib._bootstrap_external>", line 843, in exec_module
  File "<frozen importlib._bootstrap>", line 219, in _call_with_frames_removed
  File "/opt/airflow/dags/daily_etl.py", line 2, in <module>
    from airflow.providers.apache.spark.operators.spark_submit import SparkSubmitOperator
ModuleNotFoundError: No module named 'airflow.providers.apache'
[2025-11-29T18:08:07.136+0000] {processor.py:842} WARNING - No viable dags retrieved from /opt/airflow/dags/daily_etl.py
[2025-11-29T18:08:07.167+0000] {processor.py:183} INFO - Processing /opt/airflow/dags/daily_etl.py took 0.060 seconds
[2025-11-29T18:08:38.216+0000] {processor.py:161} INFO - Started process (PID=195) to work on /opt/airflow/dags/daily_etl.py
[2025-11-29T18:08:38.217+0000] {processor.py:830} INFO - Processing file /opt/airflow/dags/daily_etl.py for tasks to queue
[2025-11-29T18:08:38.219+0000] {logging_mixin.py:188} INFO - [2025-11-29T18:08:38.218+0000] {dagbag.py:538} INFO - Filling up the DagBag from /opt/airflow/dags/daily_etl.py
[2025-11-29T18:08:38.236+0000] {logging_mixin.py:188} INFO - [2025-11-29T18:08:38.233+0000] {dagbag.py:348} ERROR - Failed to import: /opt/airflow/dags/daily_etl.py
Traceback (most recent call last):
  File "/home/airflow/.local/lib/python3.8/site-packages/airflow/models/dagbag.py", line 344, in parse
    loader.exec_module(new_module)
  File "<frozen importlib._bootstrap_external>", line 843, in exec_module
  File "<frozen importlib._bootstrap>", line 219, in _call_with_frames_removed
  File "/opt/airflow/dags/daily_etl.py", line 2, in <module>
    from airflow.providers.apache.spark.operators.spark_submit import SparkSubmitOperator
ModuleNotFoundError: No module named 'airflow.providers.apache'
[2025-11-29T18:08:38.237+0000] {processor.py:842} WARNING - No viable dags retrieved from /opt/airflow/dags/daily_etl.py
[2025-11-29T18:08:38.267+0000] {processor.py:183} INFO - Processing /opt/airflow/dags/daily_etl.py took 0.055 seconds
[2025-11-29T18:09:09.277+0000] {processor.py:161} INFO - Started process (PID=211) to work on /opt/airflow/dags/daily_etl.py
[2025-11-29T18:09:09.279+0000] {processor.py:830} INFO - Processing file /opt/airflow/dags/daily_etl.py for tasks to queue
[2025-11-29T18:09:09.281+0000] {logging_mixin.py:188} INFO - [2025-11-29T18:09:09.280+0000] {dagbag.py:538} INFO - Filling up the DagBag from /opt/airflow/dags/daily_etl.py
[2025-11-29T18:09:09.303+0000] {logging_mixin.py:188} INFO - [2025-11-29T18:09:09.299+0000] {dagbag.py:348} ERROR - Failed to import: /opt/airflow/dags/daily_etl.py
Traceback (most recent call last):
  File "/home/airflow/.local/lib/python3.8/site-packages/airflow/models/dagbag.py", line 344, in parse
    loader.exec_module(new_module)
  File "<frozen importlib._bootstrap_external>", line 843, in exec_module
  File "<frozen importlib._bootstrap>", line 219, in _call_with_frames_removed
  File "/opt/airflow/dags/daily_etl.py", line 2, in <module>
    from airflow.providers.apache.spark.operators.spark_submit import SparkSubmitOperator
ModuleNotFoundError: No module named 'airflow.providers.apache'
[2025-11-29T18:09:09.304+0000] {processor.py:842} WARNING - No viable dags retrieved from /opt/airflow/dags/daily_etl.py
[2025-11-29T18:09:09.378+0000] {processor.py:183} INFO - Processing /opt/airflow/dags/daily_etl.py took 0.108 seconds
[2025-11-29T18:09:39.533+0000] {processor.py:161} INFO - Started process (PID=227) to work on /opt/airflow/dags/daily_etl.py
[2025-11-29T18:09:39.534+0000] {processor.py:830} INFO - Processing file /opt/airflow/dags/daily_etl.py for tasks to queue
[2025-11-29T18:09:39.535+0000] {logging_mixin.py:188} INFO - [2025-11-29T18:09:39.535+0000] {dagbag.py:538} INFO - Filling up the DagBag from /opt/airflow/dags/daily_etl.py
[2025-11-29T18:09:39.561+0000] {logging_mixin.py:188} INFO - [2025-11-29T18:09:39.552+0000] {dagbag.py:348} ERROR - Failed to import: /opt/airflow/dags/daily_etl.py
Traceback (most recent call last):
  File "/home/airflow/.local/lib/python3.8/site-packages/airflow/models/dagbag.py", line 344, in parse
    loader.exec_module(new_module)
  File "<frozen importlib._bootstrap_external>", line 843, in exec_module
  File "<frozen importlib._bootstrap>", line 219, in _call_with_frames_removed
  File "/opt/airflow/dags/daily_etl.py", line 2, in <module>
    from airflow.providers.apache.spark.operators.spark_submit import SparkSubmitOperator
ModuleNotFoundError: No module named 'airflow.providers.apache'
[2025-11-29T18:09:39.563+0000] {processor.py:842} WARNING - No viable dags retrieved from /opt/airflow/dags/daily_etl.py
[2025-11-29T18:09:39.668+0000] {processor.py:183} INFO - Processing /opt/airflow/dags/daily_etl.py took 0.140 seconds
[2025-11-29T18:10:09.762+0000] {processor.py:161} INFO - Started process (PID=243) to work on /opt/airflow/dags/daily_etl.py
[2025-11-29T18:10:09.763+0000] {processor.py:830} INFO - Processing file /opt/airflow/dags/daily_etl.py for tasks to queue
[2025-11-29T18:10:09.764+0000] {logging_mixin.py:188} INFO - [2025-11-29T18:10:09.764+0000] {dagbag.py:538} INFO - Filling up the DagBag from /opt/airflow/dags/daily_etl.py
[2025-11-29T18:10:09.786+0000] {logging_mixin.py:188} INFO - [2025-11-29T18:10:09.780+0000] {dagbag.py:348} ERROR - Failed to import: /opt/airflow/dags/daily_etl.py
Traceback (most recent call last):
  File "/home/airflow/.local/lib/python3.8/site-packages/airflow/models/dagbag.py", line 344, in parse
    loader.exec_module(new_module)
  File "<frozen importlib._bootstrap_external>", line 843, in exec_module
  File "<frozen importlib._bootstrap>", line 219, in _call_with_frames_removed
  File "/opt/airflow/dags/daily_etl.py", line 2, in <module>
    from airflow.providers.apache.spark.operators.spark_submit import SparkSubmitOperator
ModuleNotFoundError: No module named 'airflow.providers.apache'
[2025-11-29T18:10:09.788+0000] {processor.py:842} WARNING - No viable dags retrieved from /opt/airflow/dags/daily_etl.py
[2025-11-29T18:10:09.821+0000] {processor.py:183} INFO - Processing /opt/airflow/dags/daily_etl.py took 0.062 seconds
[2025-11-29T18:10:39.910+0000] {processor.py:161} INFO - Started process (PID=259) to work on /opt/airflow/dags/daily_etl.py
[2025-11-29T18:10:39.911+0000] {processor.py:830} INFO - Processing file /opt/airflow/dags/daily_etl.py for tasks to queue
[2025-11-29T18:10:39.912+0000] {logging_mixin.py:188} INFO - [2025-11-29T18:10:39.912+0000] {dagbag.py:538} INFO - Filling up the DagBag from /opt/airflow/dags/daily_etl.py
[2025-11-29T18:10:39.927+0000] {logging_mixin.py:188} INFO - [2025-11-29T18:10:39.924+0000] {dagbag.py:348} ERROR - Failed to import: /opt/airflow/dags/daily_etl.py
Traceback (most recent call last):
  File "/home/airflow/.local/lib/python3.8/site-packages/airflow/models/dagbag.py", line 344, in parse
    loader.exec_module(new_module)
  File "<frozen importlib._bootstrap_external>", line 843, in exec_module
  File "<frozen importlib._bootstrap>", line 219, in _call_with_frames_removed
  File "/opt/airflow/dags/daily_etl.py", line 2, in <module>
    from airflow.providers.apache.spark.operators.spark_submit import SparkSubmitOperator
ModuleNotFoundError: No module named 'airflow.providers.apache'
[2025-11-29T18:10:39.928+0000] {processor.py:842} WARNING - No viable dags retrieved from /opt/airflow/dags/daily_etl.py
[2025-11-29T18:10:39.957+0000] {processor.py:183} INFO - Processing /opt/airflow/dags/daily_etl.py took 0.051 seconds
[2025-11-29T18:11:10.029+0000] {processor.py:161} INFO - Started process (PID=275) to work on /opt/airflow/dags/daily_etl.py
[2025-11-29T18:11:10.031+0000] {processor.py:830} INFO - Processing file /opt/airflow/dags/daily_etl.py for tasks to queue
[2025-11-29T18:11:10.033+0000] {logging_mixin.py:188} INFO - [2025-11-29T18:11:10.032+0000] {dagbag.py:538} INFO - Filling up the DagBag from /opt/airflow/dags/daily_etl.py
[2025-11-29T18:11:10.099+0000] {logging_mixin.py:188} INFO - [2025-11-29T18:11:10.080+0000] {dagbag.py:348} ERROR - Failed to import: /opt/airflow/dags/daily_etl.py
Traceback (most recent call last):
  File "/home/airflow/.local/lib/python3.8/site-packages/airflow/models/dagbag.py", line 344, in parse
    loader.exec_module(new_module)
  File "<frozen importlib._bootstrap_external>", line 843, in exec_module
  File "<frozen importlib._bootstrap>", line 219, in _call_with_frames_removed
  File "/opt/airflow/dags/daily_etl.py", line 2, in <module>
    from airflow.providers.apache.spark.operators.spark_submit import SparkSubmitOperator
ModuleNotFoundError: No module named 'airflow.providers.apache'
[2025-11-29T18:11:10.105+0000] {processor.py:842} WARNING - No viable dags retrieved from /opt/airflow/dags/daily_etl.py
[2025-11-29T18:11:10.137+0000] {processor.py:183} INFO - Processing /opt/airflow/dags/daily_etl.py took 0.111 seconds
[2025-11-29T18:11:40.260+0000] {processor.py:161} INFO - Started process (PID=291) to work on /opt/airflow/dags/daily_etl.py
[2025-11-29T18:11:40.261+0000] {processor.py:830} INFO - Processing file /opt/airflow/dags/daily_etl.py for tasks to queue
[2025-11-29T18:11:40.263+0000] {logging_mixin.py:188} INFO - [2025-11-29T18:11:40.262+0000] {dagbag.py:538} INFO - Filling up the DagBag from /opt/airflow/dags/daily_etl.py
[2025-11-29T18:11:40.284+0000] {logging_mixin.py:188} INFO - [2025-11-29T18:11:40.280+0000] {dagbag.py:348} ERROR - Failed to import: /opt/airflow/dags/daily_etl.py
Traceback (most recent call last):
  File "/home/airflow/.local/lib/python3.8/site-packages/airflow/models/dagbag.py", line 344, in parse
    loader.exec_module(new_module)
  File "<frozen importlib._bootstrap_external>", line 843, in exec_module
  File "<frozen importlib._bootstrap>", line 219, in _call_with_frames_removed
  File "/opt/airflow/dags/daily_etl.py", line 2, in <module>
    from airflow.providers.apache.spark.operators.spark_submit import SparkSubmitOperator
ModuleNotFoundError: No module named 'airflow.providers.apache'
[2025-11-29T18:11:40.286+0000] {processor.py:842} WARNING - No viable dags retrieved from /opt/airflow/dags/daily_etl.py
[2025-11-29T18:11:40.368+0000] {processor.py:183} INFO - Processing /opt/airflow/dags/daily_etl.py took 0.115 seconds
[2025-11-29T18:12:10.523+0000] {processor.py:161} INFO - Started process (PID=307) to work on /opt/airflow/dags/daily_etl.py
[2025-11-29T18:12:10.527+0000] {processor.py:830} INFO - Processing file /opt/airflow/dags/daily_etl.py for tasks to queue
[2025-11-29T18:12:10.529+0000] {logging_mixin.py:188} INFO - [2025-11-29T18:12:10.529+0000] {dagbag.py:538} INFO - Filling up the DagBag from /opt/airflow/dags/daily_etl.py
[2025-11-29T18:12:10.561+0000] {logging_mixin.py:188} INFO - [2025-11-29T18:12:10.556+0000] {dagbag.py:348} ERROR - Failed to import: /opt/airflow/dags/daily_etl.py
Traceback (most recent call last):
  File "/home/airflow/.local/lib/python3.8/site-packages/airflow/models/dagbag.py", line 344, in parse
    loader.exec_module(new_module)
  File "<frozen importlib._bootstrap_external>", line 843, in exec_module
  File "<frozen importlib._bootstrap>", line 219, in _call_with_frames_removed
  File "/opt/airflow/dags/daily_etl.py", line 2, in <module>
    from airflow.providers.apache.spark.operators.spark_submit import SparkSubmitOperator
ModuleNotFoundError: No module named 'airflow.providers.apache'
[2025-11-29T18:12:10.563+0000] {processor.py:842} WARNING - No viable dags retrieved from /opt/airflow/dags/daily_etl.py
[2025-11-29T18:12:10.596+0000] {processor.py:183} INFO - Processing /opt/airflow/dags/daily_etl.py took 0.078 seconds
[2025-11-29T18:12:40.679+0000] {processor.py:161} INFO - Started process (PID=323) to work on /opt/airflow/dags/daily_etl.py
[2025-11-29T18:12:40.680+0000] {processor.py:830} INFO - Processing file /opt/airflow/dags/daily_etl.py for tasks to queue
[2025-11-29T18:12:40.681+0000] {logging_mixin.py:188} INFO - [2025-11-29T18:12:40.681+0000] {dagbag.py:538} INFO - Filling up the DagBag from /opt/airflow/dags/daily_etl.py
[2025-11-29T18:12:40.695+0000] {logging_mixin.py:188} INFO - [2025-11-29T18:12:40.692+0000] {dagbag.py:348} ERROR - Failed to import: /opt/airflow/dags/daily_etl.py
Traceback (most recent call last):
  File "/home/airflow/.local/lib/python3.8/site-packages/airflow/models/dagbag.py", line 344, in parse
    loader.exec_module(new_module)
  File "<frozen importlib._bootstrap_external>", line 843, in exec_module
  File "<frozen importlib._bootstrap>", line 219, in _call_with_frames_removed
  File "/opt/airflow/dags/daily_etl.py", line 2, in <module>
    from airflow.providers.apache.spark.operators.spark_submit import SparkSubmitOperator
ModuleNotFoundError: No module named 'airflow.providers.apache'
[2025-11-29T18:12:40.697+0000] {processor.py:842} WARNING - No viable dags retrieved from /opt/airflow/dags/daily_etl.py
[2025-11-29T18:12:40.725+0000] {processor.py:183} INFO - Processing /opt/airflow/dags/daily_etl.py took 0.051 seconds
[2025-11-29T18:13:11.446+0000] {processor.py:161} INFO - Started process (PID=339) to work on /opt/airflow/dags/daily_etl.py
[2025-11-29T18:13:11.447+0000] {processor.py:830} INFO - Processing file /opt/airflow/dags/daily_etl.py for tasks to queue
[2025-11-29T18:13:11.448+0000] {logging_mixin.py:188} INFO - [2025-11-29T18:13:11.448+0000] {dagbag.py:538} INFO - Filling up the DagBag from /opt/airflow/dags/daily_etl.py
[2025-11-29T18:13:11.466+0000] {logging_mixin.py:188} INFO - [2025-11-29T18:13:11.462+0000] {dagbag.py:348} ERROR - Failed to import: /opt/airflow/dags/daily_etl.py
Traceback (most recent call last):
  File "/home/airflow/.local/lib/python3.8/site-packages/airflow/models/dagbag.py", line 344, in parse
    loader.exec_module(new_module)
  File "<frozen importlib._bootstrap_external>", line 843, in exec_module
  File "<frozen importlib._bootstrap>", line 219, in _call_with_frames_removed
  File "/opt/airflow/dags/daily_etl.py", line 2, in <module>
    from airflow.providers.apache.spark.operators.spark_submit import SparkSubmitOperator
ModuleNotFoundError: No module named 'airflow.providers.apache'
[2025-11-29T18:13:11.468+0000] {processor.py:842} WARNING - No viable dags retrieved from /opt/airflow/dags/daily_etl.py
[2025-11-29T18:13:11.499+0000] {processor.py:183} INFO - Processing /opt/airflow/dags/daily_etl.py took 0.057 seconds
[2025-11-29T18:13:41.720+0000] {processor.py:161} INFO - Started process (PID=355) to work on /opt/airflow/dags/daily_etl.py
[2025-11-29T18:13:41.722+0000] {processor.py:830} INFO - Processing file /opt/airflow/dags/daily_etl.py for tasks to queue
[2025-11-29T18:13:41.724+0000] {logging_mixin.py:188} INFO - [2025-11-29T18:13:41.723+0000] {dagbag.py:538} INFO - Filling up the DagBag from /opt/airflow/dags/daily_etl.py
[2025-11-29T18:13:41.744+0000] {logging_mixin.py:188} INFO - [2025-11-29T18:13:41.738+0000] {dagbag.py:348} ERROR - Failed to import: /opt/airflow/dags/daily_etl.py
Traceback (most recent call last):
  File "/home/airflow/.local/lib/python3.8/site-packages/airflow/models/dagbag.py", line 344, in parse
    loader.exec_module(new_module)
  File "<frozen importlib._bootstrap_external>", line 843, in exec_module
  File "<frozen importlib._bootstrap>", line 219, in _call_with_frames_removed
  File "/opt/airflow/dags/daily_etl.py", line 2, in <module>
    from airflow.providers.apache.spark.operators.spark_submit import SparkSubmitOperator
ModuleNotFoundError: No module named 'airflow.providers.apache'
[2025-11-29T18:13:41.746+0000] {processor.py:842} WARNING - No viable dags retrieved from /opt/airflow/dags/daily_etl.py
[2025-11-29T18:13:41.824+0000] {processor.py:183} INFO - Processing /opt/airflow/dags/daily_etl.py took 0.135 seconds
[2025-11-29T18:14:11.955+0000] {processor.py:161} INFO - Started process (PID=371) to work on /opt/airflow/dags/daily_etl.py
[2025-11-29T18:14:11.960+0000] {processor.py:830} INFO - Processing file /opt/airflow/dags/daily_etl.py for tasks to queue
[2025-11-29T18:14:11.965+0000] {logging_mixin.py:188} INFO - [2025-11-29T18:14:11.964+0000] {dagbag.py:538} INFO - Filling up the DagBag from /opt/airflow/dags/daily_etl.py
[2025-11-29T18:14:12.062+0000] {logging_mixin.py:188} INFO - [2025-11-29T18:14:12.022+0000] {dagbag.py:348} ERROR - Failed to import: /opt/airflow/dags/daily_etl.py
Traceback (most recent call last):
  File "/home/airflow/.local/lib/python3.8/site-packages/airflow/models/dagbag.py", line 344, in parse
    loader.exec_module(new_module)
  File "<frozen importlib._bootstrap_external>", line 843, in exec_module
  File "<frozen importlib._bootstrap>", line 219, in _call_with_frames_removed
  File "/opt/airflow/dags/daily_etl.py", line 2, in <module>
    from airflow.providers.apache.spark.operators.spark_submit import SparkSubmitOperator
ModuleNotFoundError: No module named 'airflow.providers.apache'
[2025-11-29T18:14:12.065+0000] {processor.py:842} WARNING - No viable dags retrieved from /opt/airflow/dags/daily_etl.py
[2025-11-29T18:14:12.145+0000] {processor.py:183} INFO - Processing /opt/airflow/dags/daily_etl.py took 0.211 seconds
[2025-11-29T18:14:42.247+0000] {processor.py:161} INFO - Started process (PID=387) to work on /opt/airflow/dags/daily_etl.py
[2025-11-29T18:14:42.247+0000] {processor.py:830} INFO - Processing file /opt/airflow/dags/daily_etl.py for tasks to queue
[2025-11-29T18:14:42.249+0000] {logging_mixin.py:188} INFO - [2025-11-29T18:14:42.248+0000] {dagbag.py:538} INFO - Filling up the DagBag from /opt/airflow/dags/daily_etl.py
[2025-11-29T18:14:42.264+0000] {logging_mixin.py:188} INFO - [2025-11-29T18:14:42.260+0000] {dagbag.py:348} ERROR - Failed to import: /opt/airflow/dags/daily_etl.py
Traceback (most recent call last):
  File "/home/airflow/.local/lib/python3.8/site-packages/airflow/models/dagbag.py", line 344, in parse
    loader.exec_module(new_module)
  File "<frozen importlib._bootstrap_external>", line 843, in exec_module
  File "<frozen importlib._bootstrap>", line 219, in _call_with_frames_removed
  File "/opt/airflow/dags/daily_etl.py", line 2, in <module>
    from airflow.providers.apache.spark.operators.spark_submit import SparkSubmitOperator
ModuleNotFoundError: No module named 'airflow.providers.apache'
[2025-11-29T18:14:42.266+0000] {processor.py:842} WARNING - No viable dags retrieved from /opt/airflow/dags/daily_etl.py
[2025-11-29T18:14:42.309+0000] {processor.py:183} INFO - Processing /opt/airflow/dags/daily_etl.py took 0.066 seconds
[2025-11-29T18:15:12.387+0000] {processor.py:161} INFO - Started process (PID=403) to work on /opt/airflow/dags/daily_etl.py
[2025-11-29T18:15:12.388+0000] {processor.py:830} INFO - Processing file /opt/airflow/dags/daily_etl.py for tasks to queue
[2025-11-29T18:15:12.389+0000] {logging_mixin.py:188} INFO - [2025-11-29T18:15:12.389+0000] {dagbag.py:538} INFO - Filling up the DagBag from /opt/airflow/dags/daily_etl.py
[2025-11-29T18:15:12.421+0000] {logging_mixin.py:188} INFO - [2025-11-29T18:15:12.416+0000] {dagbag.py:348} ERROR - Failed to import: /opt/airflow/dags/daily_etl.py
Traceback (most recent call last):
  File "/home/airflow/.local/lib/python3.8/site-packages/airflow/models/dagbag.py", line 344, in parse
    loader.exec_module(new_module)
  File "<frozen importlib._bootstrap_external>", line 843, in exec_module
  File "<frozen importlib._bootstrap>", line 219, in _call_with_frames_removed
  File "/opt/airflow/dags/daily_etl.py", line 2, in <module>
    from airflow.providers.apache.spark.operators.spark_submit import SparkSubmitOperator
ModuleNotFoundError: No module named 'airflow.providers.apache'
[2025-11-29T18:15:12.423+0000] {processor.py:842} WARNING - No viable dags retrieved from /opt/airflow/dags/daily_etl.py
[2025-11-29T18:15:12.502+0000] {processor.py:183} INFO - Processing /opt/airflow/dags/daily_etl.py took 0.120 seconds
[2025-11-29T18:15:42.587+0000] {processor.py:161} INFO - Started process (PID=419) to work on /opt/airflow/dags/daily_etl.py
[2025-11-29T18:15:42.589+0000] {processor.py:830} INFO - Processing file /opt/airflow/dags/daily_etl.py for tasks to queue
[2025-11-29T18:15:42.590+0000] {logging_mixin.py:188} INFO - [2025-11-29T18:15:42.589+0000] {dagbag.py:538} INFO - Filling up the DagBag from /opt/airflow/dags/daily_etl.py
[2025-11-29T18:15:42.620+0000] {logging_mixin.py:188} INFO - [2025-11-29T18:15:42.615+0000] {dagbag.py:348} ERROR - Failed to import: /opt/airflow/dags/daily_etl.py
Traceback (most recent call last):
  File "/home/airflow/.local/lib/python3.8/site-packages/airflow/models/dagbag.py", line 344, in parse
    loader.exec_module(new_module)
  File "<frozen importlib._bootstrap_external>", line 843, in exec_module
  File "<frozen importlib._bootstrap>", line 219, in _call_with_frames_removed
  File "/opt/airflow/dags/daily_etl.py", line 2, in <module>
    from airflow.providers.apache.spark.operators.spark_submit import SparkSubmitOperator
ModuleNotFoundError: No module named 'airflow.providers.apache'
[2025-11-29T18:15:42.621+0000] {processor.py:842} WARNING - No viable dags retrieved from /opt/airflow/dags/daily_etl.py
[2025-11-29T18:15:42.673+0000] {processor.py:183} INFO - Processing /opt/airflow/dags/daily_etl.py took 0.091 seconds
[2025-11-29T18:16:12.799+0000] {processor.py:161} INFO - Started process (PID=435) to work on /opt/airflow/dags/daily_etl.py
[2025-11-29T18:16:12.800+0000] {processor.py:830} INFO - Processing file /opt/airflow/dags/daily_etl.py for tasks to queue
[2025-11-29T18:16:12.801+0000] {logging_mixin.py:188} INFO - [2025-11-29T18:16:12.801+0000] {dagbag.py:538} INFO - Filling up the DagBag from /opt/airflow/dags/daily_etl.py
[2025-11-29T18:16:12.818+0000] {logging_mixin.py:188} INFO - [2025-11-29T18:16:12.813+0000] {dagbag.py:348} ERROR - Failed to import: /opt/airflow/dags/daily_etl.py
Traceback (most recent call last):
  File "/home/airflow/.local/lib/python3.8/site-packages/airflow/models/dagbag.py", line 344, in parse
    loader.exec_module(new_module)
  File "<frozen importlib._bootstrap_external>", line 843, in exec_module
  File "<frozen importlib._bootstrap>", line 219, in _call_with_frames_removed
  File "/opt/airflow/dags/daily_etl.py", line 2, in <module>
    from airflow.providers.apache.spark.operators.spark_submit import SparkSubmitOperator
ModuleNotFoundError: No module named 'airflow.providers.apache'
[2025-11-29T18:16:12.820+0000] {processor.py:842} WARNING - No viable dags retrieved from /opt/airflow/dags/daily_etl.py
[2025-11-29T18:16:12.849+0000] {processor.py:183} INFO - Processing /opt/airflow/dags/daily_etl.py took 0.054 seconds
[2025-11-29T18:16:43.003+0000] {processor.py:161} INFO - Started process (PID=451) to work on /opt/airflow/dags/daily_etl.py
[2025-11-29T18:16:43.009+0000] {processor.py:830} INFO - Processing file /opt/airflow/dags/daily_etl.py for tasks to queue
[2025-11-29T18:16:43.012+0000] {logging_mixin.py:188} INFO - [2025-11-29T18:16:43.011+0000] {dagbag.py:538} INFO - Filling up the DagBag from /opt/airflow/dags/daily_etl.py
[2025-11-29T18:16:43.039+0000] {logging_mixin.py:188} INFO - [2025-11-29T18:16:43.035+0000] {dagbag.py:348} ERROR - Failed to import: /opt/airflow/dags/daily_etl.py
Traceback (most recent call last):
  File "/home/airflow/.local/lib/python3.8/site-packages/airflow/models/dagbag.py", line 344, in parse
    loader.exec_module(new_module)
  File "<frozen importlib._bootstrap_external>", line 843, in exec_module
  File "<frozen importlib._bootstrap>", line 219, in _call_with_frames_removed
  File "/opt/airflow/dags/daily_etl.py", line 2, in <module>
    from airflow.providers.apache.spark.operators.spark_submit import SparkSubmitOperator
ModuleNotFoundError: No module named 'airflow.providers.apache'
[2025-11-29T18:16:43.040+0000] {processor.py:842} WARNING - No viable dags retrieved from /opt/airflow/dags/daily_etl.py
[2025-11-29T18:16:43.121+0000] {processor.py:183} INFO - Processing /opt/airflow/dags/daily_etl.py took 0.133 seconds
[2025-11-29T18:17:13.206+0000] {processor.py:161} INFO - Started process (PID=467) to work on /opt/airflow/dags/daily_etl.py
[2025-11-29T18:17:13.208+0000] {processor.py:830} INFO - Processing file /opt/airflow/dags/daily_etl.py for tasks to queue
[2025-11-29T18:17:13.212+0000] {logging_mixin.py:188} INFO - [2025-11-29T18:17:13.210+0000] {dagbag.py:538} INFO - Filling up the DagBag from /opt/airflow/dags/daily_etl.py
[2025-11-29T18:17:13.257+0000] {logging_mixin.py:188} INFO - [2025-11-29T18:17:13.249+0000] {dagbag.py:348} ERROR - Failed to import: /opt/airflow/dags/daily_etl.py
Traceback (most recent call last):
  File "/home/airflow/.local/lib/python3.8/site-packages/airflow/models/dagbag.py", line 344, in parse
    loader.exec_module(new_module)
  File "<frozen importlib._bootstrap_external>", line 843, in exec_module
  File "<frozen importlib._bootstrap>", line 219, in _call_with_frames_removed
  File "/opt/airflow/dags/daily_etl.py", line 2, in <module>
    from airflow.providers.apache.spark.operators.spark_submit import SparkSubmitOperator
ModuleNotFoundError: No module named 'airflow.providers.apache'
[2025-11-29T18:17:13.259+0000] {processor.py:842} WARNING - No viable dags retrieved from /opt/airflow/dags/daily_etl.py
[2025-11-29T18:17:13.630+0000] {processor.py:183} INFO - Processing /opt/airflow/dags/daily_etl.py took 0.433 seconds
[2025-11-29T18:17:43.946+0000] {processor.py:161} INFO - Started process (PID=483) to work on /opt/airflow/dags/daily_etl.py
[2025-11-29T18:17:43.947+0000] {processor.py:830} INFO - Processing file /opt/airflow/dags/daily_etl.py for tasks to queue
[2025-11-29T18:17:43.948+0000] {logging_mixin.py:188} INFO - [2025-11-29T18:17:43.948+0000] {dagbag.py:538} INFO - Filling up the DagBag from /opt/airflow/dags/daily_etl.py
[2025-11-29T18:17:43.967+0000] {logging_mixin.py:188} INFO - [2025-11-29T18:17:43.963+0000] {dagbag.py:348} ERROR - Failed to import: /opt/airflow/dags/daily_etl.py
Traceback (most recent call last):
  File "/home/airflow/.local/lib/python3.8/site-packages/airflow/models/dagbag.py", line 344, in parse
    loader.exec_module(new_module)
  File "<frozen importlib._bootstrap_external>", line 843, in exec_module
  File "<frozen importlib._bootstrap>", line 219, in _call_with_frames_removed
  File "/opt/airflow/dags/daily_etl.py", line 2, in <module>
    from airflow.providers.apache.spark.operators.spark_submit import SparkSubmitOperator
ModuleNotFoundError: No module named 'airflow.providers.apache'
[2025-11-29T18:17:43.969+0000] {processor.py:842} WARNING - No viable dags retrieved from /opt/airflow/dags/daily_etl.py
[2025-11-29T18:17:43.998+0000] {processor.py:183} INFO - Processing /opt/airflow/dags/daily_etl.py took 0.056 seconds
[2025-11-29T18:18:14.119+0000] {processor.py:161} INFO - Started process (PID=499) to work on /opt/airflow/dags/daily_etl.py
[2025-11-29T18:18:14.120+0000] {processor.py:830} INFO - Processing file /opt/airflow/dags/daily_etl.py for tasks to queue
[2025-11-29T18:18:14.122+0000] {logging_mixin.py:188} INFO - [2025-11-29T18:18:14.121+0000] {dagbag.py:538} INFO - Filling up the DagBag from /opt/airflow/dags/daily_etl.py
[2025-11-29T18:18:14.135+0000] {logging_mixin.py:188} INFO - [2025-11-29T18:18:14.132+0000] {dagbag.py:348} ERROR - Failed to import: /opt/airflow/dags/daily_etl.py
Traceback (most recent call last):
  File "/home/airflow/.local/lib/python3.8/site-packages/airflow/models/dagbag.py", line 344, in parse
    loader.exec_module(new_module)
  File "<frozen importlib._bootstrap_external>", line 843, in exec_module
  File "<frozen importlib._bootstrap>", line 219, in _call_with_frames_removed
  File "/opt/airflow/dags/daily_etl.py", line 2, in <module>
    from airflow.providers.apache.spark.operators.spark_submit import SparkSubmitOperator
ModuleNotFoundError: No module named 'airflow.providers.apache'
[2025-11-29T18:18:14.136+0000] {processor.py:842} WARNING - No viable dags retrieved from /opt/airflow/dags/daily_etl.py
[2025-11-29T18:18:14.166+0000] {processor.py:183} INFO - Processing /opt/airflow/dags/daily_etl.py took 0.051 seconds
[2025-11-29T18:18:45.198+0000] {processor.py:161} INFO - Started process (PID=514) to work on /opt/airflow/dags/daily_etl.py
[2025-11-29T18:18:45.199+0000] {processor.py:830} INFO - Processing file /opt/airflow/dags/daily_etl.py for tasks to queue
[2025-11-29T18:18:45.200+0000] {logging_mixin.py:188} INFO - [2025-11-29T18:18:45.200+0000] {dagbag.py:538} INFO - Filling up the DagBag from /opt/airflow/dags/daily_etl.py
[2025-11-29T18:18:45.213+0000] {logging_mixin.py:188} INFO - [2025-11-29T18:18:45.210+0000] {dagbag.py:348} ERROR - Failed to import: /opt/airflow/dags/daily_etl.py
Traceback (most recent call last):
  File "/home/airflow/.local/lib/python3.8/site-packages/airflow/models/dagbag.py", line 344, in parse
    loader.exec_module(new_module)
  File "<frozen importlib._bootstrap_external>", line 843, in exec_module
  File "<frozen importlib._bootstrap>", line 219, in _call_with_frames_removed
  File "/opt/airflow/dags/daily_etl.py", line 2, in <module>
    from airflow.providers.apache.spark.operators.spark_submit import SparkSubmitOperator
ModuleNotFoundError: No module named 'airflow.providers.apache'
[2025-11-29T18:18:45.214+0000] {processor.py:842} WARNING - No viable dags retrieved from /opt/airflow/dags/daily_etl.py
[2025-11-29T18:18:45.242+0000] {processor.py:183} INFO - Processing /opt/airflow/dags/daily_etl.py took 0.050 seconds
[2025-11-29T18:19:15.315+0000] {processor.py:161} INFO - Started process (PID=530) to work on /opt/airflow/dags/daily_etl.py
[2025-11-29T18:19:15.316+0000] {processor.py:830} INFO - Processing file /opt/airflow/dags/daily_etl.py for tasks to queue
[2025-11-29T18:19:15.317+0000] {logging_mixin.py:188} INFO - [2025-11-29T18:19:15.317+0000] {dagbag.py:538} INFO - Filling up the DagBag from /opt/airflow/dags/daily_etl.py
[2025-11-29T18:19:15.333+0000] {logging_mixin.py:188} INFO - [2025-11-29T18:19:15.330+0000] {dagbag.py:348} ERROR - Failed to import: /opt/airflow/dags/daily_etl.py
Traceback (most recent call last):
  File "/home/airflow/.local/lib/python3.8/site-packages/airflow/models/dagbag.py", line 344, in parse
    loader.exec_module(new_module)
  File "<frozen importlib._bootstrap_external>", line 843, in exec_module
  File "<frozen importlib._bootstrap>", line 219, in _call_with_frames_removed
  File "/opt/airflow/dags/daily_etl.py", line 2, in <module>
    from airflow.providers.apache.spark.operators.spark_submit import SparkSubmitOperator
ModuleNotFoundError: No module named 'airflow.providers.apache'
[2025-11-29T18:19:15.334+0000] {processor.py:842} WARNING - No viable dags retrieved from /opt/airflow/dags/daily_etl.py
[2025-11-29T18:19:15.364+0000] {processor.py:183} INFO - Processing /opt/airflow/dags/daily_etl.py took 0.053 seconds
[2025-11-29T18:19:45.477+0000] {processor.py:161} INFO - Started process (PID=546) to work on /opt/airflow/dags/daily_etl.py
[2025-11-29T18:19:45.478+0000] {processor.py:830} INFO - Processing file /opt/airflow/dags/daily_etl.py for tasks to queue
[2025-11-29T18:19:45.480+0000] {logging_mixin.py:188} INFO - [2025-11-29T18:19:45.479+0000] {dagbag.py:538} INFO - Filling up the DagBag from /opt/airflow/dags/daily_etl.py
[2025-11-29T18:19:45.498+0000] {logging_mixin.py:188} INFO - [2025-11-29T18:19:45.494+0000] {dagbag.py:348} ERROR - Failed to import: /opt/airflow/dags/daily_etl.py
Traceback (most recent call last):
  File "/home/airflow/.local/lib/python3.8/site-packages/airflow/models/dagbag.py", line 344, in parse
    loader.exec_module(new_module)
  File "<frozen importlib._bootstrap_external>", line 843, in exec_module
  File "<frozen importlib._bootstrap>", line 219, in _call_with_frames_removed
  File "/opt/airflow/dags/daily_etl.py", line 2, in <module>
    from airflow.providers.apache.spark.operators.spark_submit import SparkSubmitOperator
ModuleNotFoundError: No module named 'airflow.providers.apache'
[2025-11-29T18:19:45.500+0000] {processor.py:842} WARNING - No viable dags retrieved from /opt/airflow/dags/daily_etl.py
[2025-11-29T18:19:45.526+0000] {processor.py:183} INFO - Processing /opt/airflow/dags/daily_etl.py took 0.052 seconds
[2025-11-29T18:20:15.672+0000] {processor.py:161} INFO - Started process (PID=562) to work on /opt/airflow/dags/daily_etl.py
[2025-11-29T18:20:15.673+0000] {processor.py:830} INFO - Processing file /opt/airflow/dags/daily_etl.py for tasks to queue
[2025-11-29T18:20:15.674+0000] {logging_mixin.py:188} INFO - [2025-11-29T18:20:15.674+0000] {dagbag.py:538} INFO - Filling up the DagBag from /opt/airflow/dags/daily_etl.py
[2025-11-29T18:20:15.687+0000] {logging_mixin.py:188} INFO - [2025-11-29T18:20:15.684+0000] {dagbag.py:348} ERROR - Failed to import: /opt/airflow/dags/daily_etl.py
Traceback (most recent call last):
  File "/home/airflow/.local/lib/python3.8/site-packages/airflow/models/dagbag.py", line 344, in parse
    loader.exec_module(new_module)
  File "<frozen importlib._bootstrap_external>", line 843, in exec_module
  File "<frozen importlib._bootstrap>", line 219, in _call_with_frames_removed
  File "/opt/airflow/dags/daily_etl.py", line 2, in <module>
    from airflow.providers.apache.spark.operators.spark_submit import SparkSubmitOperator
ModuleNotFoundError: No module named 'airflow.providers.apache'
[2025-11-29T18:20:15.690+0000] {processor.py:842} WARNING - No viable dags retrieved from /opt/airflow/dags/daily_etl.py
[2025-11-29T18:20:15.720+0000] {processor.py:183} INFO - Processing /opt/airflow/dags/daily_etl.py took 0.051 seconds
[2025-11-29T18:20:45.770+0000] {processor.py:161} INFO - Started process (PID=578) to work on /opt/airflow/dags/daily_etl.py
[2025-11-29T18:20:45.771+0000] {processor.py:830} INFO - Processing file /opt/airflow/dags/daily_etl.py for tasks to queue
[2025-11-29T18:20:45.772+0000] {logging_mixin.py:188} INFO - [2025-11-29T18:20:45.772+0000] {dagbag.py:538} INFO - Filling up the DagBag from /opt/airflow/dags/daily_etl.py
[2025-11-29T18:20:45.786+0000] {logging_mixin.py:188} INFO - [2025-11-29T18:20:45.783+0000] {dagbag.py:348} ERROR - Failed to import: /opt/airflow/dags/daily_etl.py
Traceback (most recent call last):
  File "/home/airflow/.local/lib/python3.8/site-packages/airflow/models/dagbag.py", line 344, in parse
    loader.exec_module(new_module)
  File "<frozen importlib._bootstrap_external>", line 843, in exec_module
  File "<frozen importlib._bootstrap>", line 219, in _call_with_frames_removed
  File "/opt/airflow/dags/daily_etl.py", line 2, in <module>
    from airflow.providers.apache.spark.operators.spark_submit import SparkSubmitOperator
ModuleNotFoundError: No module named 'airflow.providers.apache'
[2025-11-29T18:20:45.787+0000] {processor.py:842} WARNING - No viable dags retrieved from /opt/airflow/dags/daily_etl.py
[2025-11-29T18:20:45.813+0000] {processor.py:183} INFO - Processing /opt/airflow/dags/daily_etl.py took 0.047 seconds
[2025-11-29T18:21:15.989+0000] {processor.py:161} INFO - Started process (PID=594) to work on /opt/airflow/dags/daily_etl.py
[2025-11-29T18:21:15.990+0000] {processor.py:830} INFO - Processing file /opt/airflow/dags/daily_etl.py for tasks to queue
[2025-11-29T18:21:15.991+0000] {logging_mixin.py:188} INFO - [2025-11-29T18:21:15.991+0000] {dagbag.py:538} INFO - Filling up the DagBag from /opt/airflow/dags/daily_etl.py
[2025-11-29T18:21:16.014+0000] {logging_mixin.py:188} INFO - [2025-11-29T18:21:16.009+0000] {dagbag.py:348} ERROR - Failed to import: /opt/airflow/dags/daily_etl.py
Traceback (most recent call last):
  File "/home/airflow/.local/lib/python3.8/site-packages/airflow/models/dagbag.py", line 344, in parse
    loader.exec_module(new_module)
  File "<frozen importlib._bootstrap_external>", line 843, in exec_module
  File "<frozen importlib._bootstrap>", line 219, in _call_with_frames_removed
  File "/opt/airflow/dags/daily_etl.py", line 2, in <module>
    from airflow.providers.apache.spark.operators.spark_submit import SparkSubmitOperator
ModuleNotFoundError: No module named 'airflow.providers.apache'
[2025-11-29T18:21:16.015+0000] {processor.py:842} WARNING - No viable dags retrieved from /opt/airflow/dags/daily_etl.py
[2025-11-29T18:21:16.045+0000] {processor.py:183} INFO - Processing /opt/airflow/dags/daily_etl.py took 0.061 seconds
[2025-11-29T18:21:46.169+0000] {processor.py:161} INFO - Started process (PID=610) to work on /opt/airflow/dags/daily_etl.py
[2025-11-29T18:21:46.170+0000] {processor.py:830} INFO - Processing file /opt/airflow/dags/daily_etl.py for tasks to queue
[2025-11-29T18:21:46.172+0000] {logging_mixin.py:188} INFO - [2025-11-29T18:21:46.171+0000] {dagbag.py:538} INFO - Filling up the DagBag from /opt/airflow/dags/daily_etl.py
[2025-11-29T18:21:46.213+0000] {logging_mixin.py:188} INFO - [2025-11-29T18:21:46.207+0000] {dagbag.py:348} ERROR - Failed to import: /opt/airflow/dags/daily_etl.py
Traceback (most recent call last):
  File "/home/airflow/.local/lib/python3.8/site-packages/airflow/models/dagbag.py", line 344, in parse
    loader.exec_module(new_module)
  File "<frozen importlib._bootstrap_external>", line 843, in exec_module
  File "<frozen importlib._bootstrap>", line 219, in _call_with_frames_removed
  File "/opt/airflow/dags/daily_etl.py", line 2, in <module>
    from airflow.providers.apache.spark.operators.spark_submit import SparkSubmitOperator
ModuleNotFoundError: No module named 'airflow.providers.apache'
[2025-11-29T18:21:46.215+0000] {processor.py:842} WARNING - No viable dags retrieved from /opt/airflow/dags/daily_etl.py
[2025-11-29T18:21:46.249+0000] {processor.py:183} INFO - Processing /opt/airflow/dags/daily_etl.py took 0.084 seconds
[2025-11-29T18:22:16.412+0000] {processor.py:161} INFO - Started process (PID=626) to work on /opt/airflow/dags/daily_etl.py
[2025-11-29T18:22:16.413+0000] {processor.py:830} INFO - Processing file /opt/airflow/dags/daily_etl.py for tasks to queue
[2025-11-29T18:22:16.414+0000] {logging_mixin.py:188} INFO - [2025-11-29T18:22:16.414+0000] {dagbag.py:538} INFO - Filling up the DagBag from /opt/airflow/dags/daily_etl.py
[2025-11-29T18:22:16.428+0000] {logging_mixin.py:188} INFO - [2025-11-29T18:22:16.425+0000] {dagbag.py:348} ERROR - Failed to import: /opt/airflow/dags/daily_etl.py
Traceback (most recent call last):
  File "/home/airflow/.local/lib/python3.8/site-packages/airflow/models/dagbag.py", line 344, in parse
    loader.exec_module(new_module)
  File "<frozen importlib._bootstrap_external>", line 843, in exec_module
  File "<frozen importlib._bootstrap>", line 219, in _call_with_frames_removed
  File "/opt/airflow/dags/daily_etl.py", line 2, in <module>
    from airflow.providers.apache.spark.operators.spark_submit import SparkSubmitOperator
ModuleNotFoundError: No module named 'airflow.providers.apache'
[2025-11-29T18:22:16.429+0000] {processor.py:842} WARNING - No viable dags retrieved from /opt/airflow/dags/daily_etl.py
[2025-11-29T18:22:16.459+0000] {processor.py:183} INFO - Processing /opt/airflow/dags/daily_etl.py took 0.052 seconds
[2025-11-29T18:22:47.529+0000] {processor.py:161} INFO - Started process (PID=642) to work on /opt/airflow/dags/daily_etl.py
[2025-11-29T18:22:47.531+0000] {processor.py:830} INFO - Processing file /opt/airflow/dags/daily_etl.py for tasks to queue
[2025-11-29T18:22:47.533+0000] {logging_mixin.py:188} INFO - [2025-11-29T18:22:47.532+0000] {dagbag.py:538} INFO - Filling up the DagBag from /opt/airflow/dags/daily_etl.py
[2025-11-29T18:22:47.551+0000] {logging_mixin.py:188} INFO - [2025-11-29T18:22:47.547+0000] {dagbag.py:348} ERROR - Failed to import: /opt/airflow/dags/daily_etl.py
Traceback (most recent call last):
  File "/home/airflow/.local/lib/python3.8/site-packages/airflow/models/dagbag.py", line 344, in parse
    loader.exec_module(new_module)
  File "<frozen importlib._bootstrap_external>", line 843, in exec_module
  File "<frozen importlib._bootstrap>", line 219, in _call_with_frames_removed
  File "/opt/airflow/dags/daily_etl.py", line 2, in <module>
    from airflow.providers.apache.spark.operators.spark_submit import SparkSubmitOperator
ModuleNotFoundError: No module named 'airflow.providers.apache'
[2025-11-29T18:22:47.552+0000] {processor.py:842} WARNING - No viable dags retrieved from /opt/airflow/dags/daily_etl.py
[2025-11-29T18:22:47.584+0000] {processor.py:183} INFO - Processing /opt/airflow/dags/daily_etl.py took 0.060 seconds
[2025-11-29T18:23:17.835+0000] {processor.py:161} INFO - Started process (PID=658) to work on /opt/airflow/dags/daily_etl.py
[2025-11-29T18:23:17.836+0000] {processor.py:830} INFO - Processing file /opt/airflow/dags/daily_etl.py for tasks to queue
[2025-11-29T18:23:17.837+0000] {logging_mixin.py:188} INFO - [2025-11-29T18:23:17.837+0000] {dagbag.py:538} INFO - Filling up the DagBag from /opt/airflow/dags/daily_etl.py
[2025-11-29T18:23:17.851+0000] {logging_mixin.py:188} INFO - [2025-11-29T18:23:17.848+0000] {dagbag.py:348} ERROR - Failed to import: /opt/airflow/dags/daily_etl.py
Traceback (most recent call last):
  File "/home/airflow/.local/lib/python3.8/site-packages/airflow/models/dagbag.py", line 344, in parse
    loader.exec_module(new_module)
  File "<frozen importlib._bootstrap_external>", line 843, in exec_module
  File "<frozen importlib._bootstrap>", line 219, in _call_with_frames_removed
  File "/opt/airflow/dags/daily_etl.py", line 2, in <module>
    from airflow.providers.apache.spark.operators.spark_submit import SparkSubmitOperator
ModuleNotFoundError: No module named 'airflow.providers.apache'
[2025-11-29T18:23:17.852+0000] {processor.py:842} WARNING - No viable dags retrieved from /opt/airflow/dags/daily_etl.py
[2025-11-29T18:23:17.881+0000] {processor.py:183} INFO - Processing /opt/airflow/dags/daily_etl.py took 0.050 seconds
[2025-11-29T18:23:47.964+0000] {processor.py:161} INFO - Started process (PID=674) to work on /opt/airflow/dags/daily_etl.py
[2025-11-29T18:23:47.966+0000] {processor.py:830} INFO - Processing file /opt/airflow/dags/daily_etl.py for tasks to queue
[2025-11-29T18:23:47.967+0000] {logging_mixin.py:188} INFO - [2025-11-29T18:23:47.967+0000] {dagbag.py:538} INFO - Filling up the DagBag from /opt/airflow/dags/daily_etl.py
[2025-11-29T18:23:47.986+0000] {logging_mixin.py:188} INFO - [2025-11-29T18:23:47.982+0000] {dagbag.py:348} ERROR - Failed to import: /opt/airflow/dags/daily_etl.py
Traceback (most recent call last):
  File "/home/airflow/.local/lib/python3.8/site-packages/airflow/models/dagbag.py", line 344, in parse
    loader.exec_module(new_module)
  File "<frozen importlib._bootstrap_external>", line 843, in exec_module
  File "<frozen importlib._bootstrap>", line 219, in _call_with_frames_removed
  File "/opt/airflow/dags/daily_etl.py", line 2, in <module>
    from airflow.providers.apache.spark.operators.spark_submit import SparkSubmitOperator
ModuleNotFoundError: No module named 'airflow.providers.apache'
[2025-11-29T18:23:47.987+0000] {processor.py:842} WARNING - No viable dags retrieved from /opt/airflow/dags/daily_etl.py
[2025-11-29T18:23:48.020+0000] {processor.py:183} INFO - Processing /opt/airflow/dags/daily_etl.py took 0.060 seconds
[2025-11-29T18:24:18.088+0000] {processor.py:161} INFO - Started process (PID=690) to work on /opt/airflow/dags/daily_etl.py
[2025-11-29T18:24:18.089+0000] {processor.py:830} INFO - Processing file /opt/airflow/dags/daily_etl.py for tasks to queue
[2025-11-29T18:24:18.090+0000] {logging_mixin.py:188} INFO - [2025-11-29T18:24:18.090+0000] {dagbag.py:538} INFO - Filling up the DagBag from /opt/airflow/dags/daily_etl.py
[2025-11-29T18:24:18.103+0000] {logging_mixin.py:188} INFO - [2025-11-29T18:24:18.100+0000] {dagbag.py:348} ERROR - Failed to import: /opt/airflow/dags/daily_etl.py
Traceback (most recent call last):
  File "/home/airflow/.local/lib/python3.8/site-packages/airflow/models/dagbag.py", line 344, in parse
    loader.exec_module(new_module)
  File "<frozen importlib._bootstrap_external>", line 843, in exec_module
  File "<frozen importlib._bootstrap>", line 219, in _call_with_frames_removed
  File "/opt/airflow/dags/daily_etl.py", line 2, in <module>
    from airflow.providers.apache.spark.operators.spark_submit import SparkSubmitOperator
ModuleNotFoundError: No module named 'airflow.providers.apache'
[2025-11-29T18:24:18.104+0000] {processor.py:842} WARNING - No viable dags retrieved from /opt/airflow/dags/daily_etl.py
[2025-11-29T18:24:18.132+0000] {processor.py:183} INFO - Processing /opt/airflow/dags/daily_etl.py took 0.047 seconds
[2025-11-29T18:24:49.177+0000] {processor.py:161} INFO - Started process (PID=706) to work on /opt/airflow/dags/daily_etl.py
[2025-11-29T18:24:49.178+0000] {processor.py:830} INFO - Processing file /opt/airflow/dags/daily_etl.py for tasks to queue
[2025-11-29T18:24:49.179+0000] {logging_mixin.py:188} INFO - [2025-11-29T18:24:49.179+0000] {dagbag.py:538} INFO - Filling up the DagBag from /opt/airflow/dags/daily_etl.py
[2025-11-29T18:24:49.193+0000] {logging_mixin.py:188} INFO - [2025-11-29T18:24:49.190+0000] {dagbag.py:348} ERROR - Failed to import: /opt/airflow/dags/daily_etl.py
Traceback (most recent call last):
  File "/home/airflow/.local/lib/python3.8/site-packages/airflow/models/dagbag.py", line 344, in parse
    loader.exec_module(new_module)
  File "<frozen importlib._bootstrap_external>", line 843, in exec_module
  File "<frozen importlib._bootstrap>", line 219, in _call_with_frames_removed
  File "/opt/airflow/dags/daily_etl.py", line 2, in <module>
    from airflow.providers.apache.spark.operators.spark_submit import SparkSubmitOperator
ModuleNotFoundError: No module named 'airflow.providers.apache'
[2025-11-29T18:24:49.194+0000] {processor.py:842} WARNING - No viable dags retrieved from /opt/airflow/dags/daily_etl.py
[2025-11-29T18:24:49.225+0000] {processor.py:183} INFO - Processing /opt/airflow/dags/daily_etl.py took 0.052 seconds
[2025-11-29T18:25:19.292+0000] {processor.py:161} INFO - Started process (PID=723) to work on /opt/airflow/dags/daily_etl.py
[2025-11-29T18:25:19.293+0000] {processor.py:830} INFO - Processing file /opt/airflow/dags/daily_etl.py for tasks to queue
[2025-11-29T18:25:19.294+0000] {logging_mixin.py:188} INFO - [2025-11-29T18:25:19.294+0000] {dagbag.py:538} INFO - Filling up the DagBag from /opt/airflow/dags/daily_etl.py
[2025-11-29T18:25:19.320+0000] {logging_mixin.py:188} INFO - [2025-11-29T18:25:19.314+0000] {dagbag.py:348} ERROR - Failed to import: /opt/airflow/dags/daily_etl.py
Traceback (most recent call last):
  File "/home/airflow/.local/lib/python3.8/site-packages/airflow/models/dagbag.py", line 344, in parse
    loader.exec_module(new_module)
  File "<frozen importlib._bootstrap_external>", line 843, in exec_module
  File "<frozen importlib._bootstrap>", line 219, in _call_with_frames_removed
  File "/opt/airflow/dags/daily_etl.py", line 2, in <module>
    from airflow.providers.apache.spark.operators.spark_submit import SparkSubmitOperator
ModuleNotFoundError: No module named 'airflow.providers.apache'
[2025-11-29T18:25:19.322+0000] {processor.py:842} WARNING - No viable dags retrieved from /opt/airflow/dags/daily_etl.py
[2025-11-29T18:25:19.359+0000] {processor.py:183} INFO - Processing /opt/airflow/dags/daily_etl.py took 0.071 seconds
[2025-11-29T18:25:49.484+0000] {processor.py:161} INFO - Started process (PID=739) to work on /opt/airflow/dags/daily_etl.py
[2025-11-29T18:25:49.486+0000] {processor.py:830} INFO - Processing file /opt/airflow/dags/daily_etl.py for tasks to queue
[2025-11-29T18:25:49.487+0000] {logging_mixin.py:188} INFO - [2025-11-29T18:25:49.487+0000] {dagbag.py:538} INFO - Filling up the DagBag from /opt/airflow/dags/daily_etl.py
[2025-11-29T18:25:49.513+0000] {logging_mixin.py:188} INFO - [2025-11-29T18:25:49.508+0000] {dagbag.py:348} ERROR - Failed to import: /opt/airflow/dags/daily_etl.py
Traceback (most recent call last):
  File "/home/airflow/.local/lib/python3.8/site-packages/airflow/models/dagbag.py", line 344, in parse
    loader.exec_module(new_module)
  File "<frozen importlib._bootstrap_external>", line 843, in exec_module
  File "<frozen importlib._bootstrap>", line 219, in _call_with_frames_removed
  File "/opt/airflow/dags/daily_etl.py", line 2, in <module>
    from airflow.providers.apache.spark.operators.spark_submit import SparkSubmitOperator
ModuleNotFoundError: No module named 'airflow.providers.apache'
[2025-11-29T18:25:49.514+0000] {processor.py:842} WARNING - No viable dags retrieved from /opt/airflow/dags/daily_etl.py
[2025-11-29T18:25:49.550+0000] {processor.py:183} INFO - Processing /opt/airflow/dags/daily_etl.py took 0.071 seconds
