[2025-11-30T10:00:00.979+0000] {taskinstance.py:1956} INFO - Dependencies all met for dep_context=non-requeueable deps ti=<TaskInstance: 1_hourly_cleaning_and_report.clean_data scheduled__2025-11-30T09:00:00+00:00 [queued]>
[2025-11-30T10:00:00.990+0000] {taskinstance.py:1956} INFO - Dependencies all met for dep_context=requeueable deps ti=<TaskInstance: 1_hourly_cleaning_and_report.clean_data scheduled__2025-11-30T09:00:00+00:00 [queued]>
[2025-11-30T10:00:00.991+0000] {taskinstance.py:2170} INFO - Starting attempt 1 of 2
[2025-11-30T10:00:01.005+0000] {taskinstance.py:2191} INFO - Executing <Task(SparkSubmitOperator): clean_data> on 2025-11-30 09:00:00+00:00
[2025-11-30T10:00:01.009+0000] {standard_task_runner.py:60} INFO - Started process 2977 to run task
[2025-11-30T10:00:01.012+0000] {standard_task_runner.py:87} INFO - Running: ['***', 'tasks', 'run', '1_hourly_cleaning_and_report', 'clean_data', 'scheduled__2025-11-30T09:00:00+00:00', '--job-id', '13', '--raw', '--subdir', 'DAGS_FOLDER/hourly_etl.py', '--cfg-path', '/tmp/tmpe_kfek4v']
[2025-11-30T10:00:01.015+0000] {standard_task_runner.py:88} INFO - Job 13: Subtask clean_data
[2025-11-30T10:00:01.101+0000] {task_command.py:423} INFO - Running <TaskInstance: 1_hourly_cleaning_and_report.clean_data scheduled__2025-11-30T09:00:00+00:00 [running]> on host fa0622e2494f
[2025-11-30T10:00:01.206+0000] {taskinstance.py:2480} INFO - Exporting env vars: AIRFLOW_CTX_DAG_OWNER='group12' AIRFLOW_CTX_DAG_ID='1_hourly_cleaning_and_report' AIRFLOW_CTX_TASK_ID='clean_data' AIRFLOW_CTX_EXECUTION_DATE='2025-11-30T09:00:00+00:00' AIRFLOW_CTX_TRY_NUMBER='1' AIRFLOW_CTX_DAG_RUN_ID='scheduled__2025-11-30T09:00:00+00:00'
[2025-11-30T10:00:01.209+0000] {crypto.py:82} WARNING - empty cryptography key - values will not be stored encrypted.
[2025-11-30T10:00:01.209+0000] {base.py:83} INFO - Using connection ID 'spark_default' for task execution.
[2025-11-30T10:00:01.210+0000] {spark_submit.py:473} INFO - Spark-Submit cmd: spark-submit --master local --conf spark.master=local[*] --name arrow-spark /opt/***/scripts/cleaner.py
[2025-11-30T10:00:03.444+0000] {spark_submit.py:649} INFO - 25/11/30 10:00:03 INFO SparkContext: Running Spark version 3.5.0
[2025-11-30T10:00:03.452+0000] {spark_submit.py:649} INFO - 25/11/30 10:00:03 INFO SparkContext: OS info Linux, 6.6.87.2-microsoft-standard-WSL2, amd64
[2025-11-30T10:00:03.453+0000] {spark_submit.py:649} INFO - 25/11/30 10:00:03 INFO SparkContext: Java version 17.0.17
[2025-11-30T10:00:03.495+0000] {spark_submit.py:649} INFO - 25/11/30 10:00:03 WARN NativeCodeLoader: Unable to load native-hadoop library for your platform... using builtin-java classes where applicable
[2025-11-30T10:00:03.565+0000] {spark_submit.py:649} INFO - 25/11/30 10:00:03 INFO ResourceUtils: ==============================================================
[2025-11-30T10:00:03.566+0000] {spark_submit.py:649} INFO - 25/11/30 10:00:03 INFO ResourceUtils: No custom resources configured for spark.driver.
[2025-11-30T10:00:03.566+0000] {spark_submit.py:649} INFO - 25/11/30 10:00:03 INFO ResourceUtils: ==============================================================
[2025-11-30T10:00:03.567+0000] {spark_submit.py:649} INFO - 25/11/30 10:00:03 INFO SparkContext: Submitted application: Air Quality Cleaner
[2025-11-30T10:00:03.584+0000] {spark_submit.py:649} INFO - 25/11/30 10:00:03 INFO ResourceProfile: Default ResourceProfile created, executor resources: Map(cores -> name: cores, amount: 1, script: , vendor: , memory -> name: memory, amount: 1024, script: , vendor: , offHeap -> name: offHeap, amount: 0, script: , vendor: ), task resources: Map(cpus -> name: cpus, amount: 1.0)
[2025-11-30T10:00:03.590+0000] {spark_submit.py:649} INFO - 25/11/30 10:00:03 INFO ResourceProfile: Limiting resource is cpu
[2025-11-30T10:00:03.591+0000] {spark_submit.py:649} INFO - 25/11/30 10:00:03 INFO ResourceProfileManager: Added ResourceProfile id: 0
[2025-11-30T10:00:03.633+0000] {spark_submit.py:649} INFO - 25/11/30 10:00:03 INFO SecurityManager: Changing view acls to: ***
[2025-11-30T10:00:03.634+0000] {spark_submit.py:649} INFO - 25/11/30 10:00:03 INFO SecurityManager: Changing modify acls to: ***
[2025-11-30T10:00:03.635+0000] {spark_submit.py:649} INFO - 25/11/30 10:00:03 INFO SecurityManager: Changing view acls groups to:
[2025-11-30T10:00:03.636+0000] {spark_submit.py:649} INFO - 25/11/30 10:00:03 INFO SecurityManager: Changing modify acls groups to:
[2025-11-30T10:00:03.636+0000] {spark_submit.py:649} INFO - 25/11/30 10:00:03 INFO SecurityManager: SecurityManager: authentication disabled; ui acls disabled; users with view permissions: ***; groups with view permissions: EMPTY; users with modify permissions: ***; groups with modify permissions: EMPTY
[2025-11-30T10:00:03.831+0000] {spark_submit.py:649} INFO - 25/11/30 10:00:03 INFO Utils: Successfully started service 'sparkDriver' on port 42819.
[2025-11-30T10:00:03.860+0000] {spark_submit.py:649} INFO - 25/11/30 10:00:03 INFO SparkEnv: Registering MapOutputTracker
[2025-11-30T10:00:03.891+0000] {spark_submit.py:649} INFO - 25/11/30 10:00:03 INFO SparkEnv: Registering BlockManagerMaster
[2025-11-30T10:00:03.905+0000] {spark_submit.py:649} INFO - 25/11/30 10:00:03 INFO BlockManagerMasterEndpoint: Using org.apache.spark.storage.DefaultTopologyMapper for getting topology information
[2025-11-30T10:00:03.906+0000] {spark_submit.py:649} INFO - 25/11/30 10:00:03 INFO BlockManagerMasterEndpoint: BlockManagerMasterEndpoint up
[2025-11-30T10:00:03.909+0000] {spark_submit.py:649} INFO - 25/11/30 10:00:03 INFO SparkEnv: Registering BlockManagerMasterHeartbeat
[2025-11-30T10:00:03.925+0000] {spark_submit.py:649} INFO - 25/11/30 10:00:03 INFO DiskBlockManager: Created local directory at /tmp/blockmgr-4af59979-89e9-40fb-bcd3-8a88ebc32cc5
[2025-11-30T10:00:03.937+0000] {spark_submit.py:649} INFO - 25/11/30 10:00:03 INFO MemoryStore: MemoryStore started with capacity 434.4 MiB
[2025-11-30T10:00:03.952+0000] {spark_submit.py:649} INFO - 25/11/30 10:00:03 INFO SparkEnv: Registering OutputCommitCoordinator
[2025-11-30T10:00:04.061+0000] {spark_submit.py:649} INFO - 25/11/30 10:00:04 INFO JettyUtils: Start Jetty 0.0.0.0:4040 for SparkUI
[2025-11-30T10:00:04.125+0000] {spark_submit.py:649} INFO - 25/11/30 10:00:04 INFO Utils: Successfully started service 'SparkUI' on port 4040.
[2025-11-30T10:00:04.212+0000] {spark_submit.py:649} INFO - 25/11/30 10:00:04 INFO Executor: Starting executor ID driver on host fa0622e2494f
[2025-11-30T10:00:04.213+0000] {spark_submit.py:649} INFO - 25/11/30 10:00:04 INFO Executor: OS info Linux, 6.6.87.2-microsoft-standard-WSL2, amd64
[2025-11-30T10:00:04.214+0000] {spark_submit.py:649} INFO - 25/11/30 10:00:04 INFO Executor: Java version 17.0.17
[2025-11-30T10:00:04.220+0000] {spark_submit.py:649} INFO - 25/11/30 10:00:04 INFO Executor: Starting executor with user classpath (userClassPathFirst = false): ''
[2025-11-30T10:00:04.221+0000] {spark_submit.py:649} INFO - 25/11/30 10:00:04 INFO Executor: Created or updated repl class loader org.apache.spark.util.MutableURLClassLoader@aa898df for default.
[2025-11-30T10:00:04.238+0000] {spark_submit.py:649} INFO - 25/11/30 10:00:04 INFO Utils: Successfully started service 'org.apache.spark.network.netty.NettyBlockTransferService' on port 39763.
[2025-11-30T10:00:04.239+0000] {spark_submit.py:649} INFO - 25/11/30 10:00:04 INFO NettyBlockTransferService: Server created on fa0622e2494f:39763
[2025-11-30T10:00:04.240+0000] {spark_submit.py:649} INFO - 25/11/30 10:00:04 INFO BlockManager: Using org.apache.spark.storage.RandomBlockReplicationPolicy for block replication policy
[2025-11-30T10:00:04.245+0000] {spark_submit.py:649} INFO - 25/11/30 10:00:04 INFO BlockManagerMaster: Registering BlockManager BlockManagerId(driver, fa0622e2494f, 39763, None)
[2025-11-30T10:00:04.248+0000] {spark_submit.py:649} INFO - 25/11/30 10:00:04 INFO BlockManagerMasterEndpoint: Registering block manager fa0622e2494f:39763 with 434.4 MiB RAM, BlockManagerId(driver, fa0622e2494f, 39763, None)
[2025-11-30T10:00:04.250+0000] {spark_submit.py:649} INFO - 25/11/30 10:00:04 INFO BlockManagerMaster: Registered BlockManager BlockManagerId(driver, fa0622e2494f, 39763, None)
[2025-11-30T10:00:04.250+0000] {spark_submit.py:649} INFO - 25/11/30 10:00:04 INFO BlockManager: Initialized BlockManager: BlockManagerId(driver, fa0622e2494f, 39763, None)
[2025-11-30T10:00:04.551+0000] {spark_submit.py:649} INFO - Đang đọc dữ liệu từ: hdfs://hadoop-namenode:9000/data/air-quality/*/*/*/*.json
[2025-11-30T10:00:09.177+0000] {spark_submit.py:649} INFO - Số bản ghi ban đầu: 34
[2025-11-30T10:00:10.136+0000] {spark_submit.py:649} INFO - Số bản ghi sau khi làm sạch: 34
[2025-11-30T10:00:10.137+0000] {spark_submit.py:649} INFO - Đang ghi dữ liệu vào: hdfs://hadoop-namenode:9000/clean-data/air-quality
[2025-11-30T10:00:11.839+0000] {spark_submit.py:649} INFO - Job completed successfully!
[2025-11-30T10:00:12.806+0000] {taskinstance.py:1138} INFO - Marking task as SUCCESS. dag_id=1_hourly_cleaning_and_report, task_id=clean_data, execution_date=20251130T090000, start_date=20251130T100000, end_date=20251130T100012
[2025-11-30T10:00:12.845+0000] {local_task_job_runner.py:234} INFO - Task exited with return code 0
[2025-11-30T10:00:12.883+0000] {taskinstance.py:3280} INFO - 1 downstream tasks scheduled from follow-on schedule check
