[2025-11-30T08:42:11.075+0000] {taskinstance.py:1956} INFO - Dependencies all met for dep_context=non-requeueable deps ti=<TaskInstance: 1_hourly_cleaning_and_report.clean_data manual__2025-11-30T08:42:09.976712+00:00 [queued]>
[2025-11-30T08:42:11.084+0000] {taskinstance.py:1956} INFO - Dependencies all met for dep_context=requeueable deps ti=<TaskInstance: 1_hourly_cleaning_and_report.clean_data manual__2025-11-30T08:42:09.976712+00:00 [queued]>
[2025-11-30T08:42:11.085+0000] {taskinstance.py:2170} INFO - Starting attempt 1 of 2
[2025-11-30T08:42:11.100+0000] {taskinstance.py:2191} INFO - Executing <Task(SparkSubmitOperator): clean_data> on 2025-11-30 08:42:09.976712+00:00
[2025-11-30T08:42:11.104+0000] {standard_task_runner.py:60} INFO - Started process 292 to run task
[2025-11-30T08:42:11.108+0000] {standard_task_runner.py:87} INFO - Running: ['***', 'tasks', 'run', '1_hourly_cleaning_and_report', 'clean_data', 'manual__2025-11-30T08:42:09.976712+00:00', '--job-id', '5', '--raw', '--subdir', 'DAGS_FOLDER/hourly_etl.py', '--cfg-path', '/tmp/tmpqr9gw_4e']
[2025-11-30T08:42:11.111+0000] {standard_task_runner.py:88} INFO - Job 5: Subtask clean_data
[2025-11-30T08:42:11.212+0000] {task_command.py:423} INFO - Running <TaskInstance: 1_hourly_cleaning_and_report.clean_data manual__2025-11-30T08:42:09.976712+00:00 [running]> on host 9d56b2fe56a4
[2025-11-30T08:42:11.321+0000] {taskinstance.py:2480} INFO - Exporting env vars: AIRFLOW_CTX_DAG_OWNER='group12' AIRFLOW_CTX_DAG_ID='1_hourly_cleaning_and_report' AIRFLOW_CTX_TASK_ID='clean_data' AIRFLOW_CTX_EXECUTION_DATE='2025-11-30T08:42:09.976712+00:00' AIRFLOW_CTX_TRY_NUMBER='1' AIRFLOW_CTX_DAG_RUN_ID='manual__2025-11-30T08:42:09.976712+00:00'
[2025-11-30T08:42:11.334+0000] {spark_submit.py:304} INFO - Could not load connection string spark_default, defaulting to yarn
[2025-11-30T08:42:11.335+0000] {spark_submit.py:473} INFO - Spark-Submit cmd: spark-submit --master yarn --conf spark.master=local[*] --name arrow-spark /opt/***/scripts/cleaner.py
[2025-11-30T08:42:12.713+0000] {spark_submit.py:649} INFO - Exception in thread "main" org.apache.spark.SparkException: When running with master 'yarn' either HADOOP_CONF_DIR or YARN_CONF_DIR must be set in the environment.
[2025-11-30T08:42:12.714+0000] {spark_submit.py:649} INFO - at org.apache.spark.deploy.SparkSubmitArguments.error(SparkSubmitArguments.scala:650)
[2025-11-30T08:42:12.715+0000] {spark_submit.py:649} INFO - at org.apache.spark.deploy.SparkSubmitArguments.validateSubmitArguments(SparkSubmitArguments.scala:281)
[2025-11-30T08:42:12.715+0000] {spark_submit.py:649} INFO - at org.apache.spark.deploy.SparkSubmitArguments.validateArguments(SparkSubmitArguments.scala:237)
[2025-11-30T08:42:12.716+0000] {spark_submit.py:649} INFO - at org.apache.spark.deploy.SparkSubmitArguments.<init>(SparkSubmitArguments.scala:122)
[2025-11-30T08:42:12.716+0000] {spark_submit.py:649} INFO - at org.apache.spark.deploy.SparkSubmit$$anon$2$$anon$3.<init>(SparkSubmit.scala:1103)
[2025-11-30T08:42:12.717+0000] {spark_submit.py:649} INFO - at org.apache.spark.deploy.SparkSubmit$$anon$2.parseArguments(SparkSubmit.scala:1103)
[2025-11-30T08:42:12.717+0000] {spark_submit.py:649} INFO - at org.apache.spark.deploy.SparkSubmit.doSubmit(SparkSubmit.scala:86)
[2025-11-30T08:42:12.717+0000] {spark_submit.py:649} INFO - at org.apache.spark.deploy.SparkSubmit$$anon$2.doSubmit(SparkSubmit.scala:1120)
[2025-11-30T08:42:12.718+0000] {spark_submit.py:649} INFO - at org.apache.spark.deploy.SparkSubmit$.main(SparkSubmit.scala:1129)
[2025-11-30T08:42:12.718+0000] {spark_submit.py:649} INFO - at org.apache.spark.deploy.SparkSubmit.main(SparkSubmit.scala)
[2025-11-30T08:42:12.748+0000] {taskinstance.py:2698} ERROR - Task failed with exception
Traceback (most recent call last):
  File "/home/airflow/.local/lib/python3.8/site-packages/airflow/models/taskinstance.py", line 433, in _execute_task
    result = execute_callable(context=context, **execute_callable_kwargs)
  File "/home/airflow/.local/lib/python3.8/site-packages/airflow/providers/apache/spark/operators/spark_submit.py", line 176, in execute
    self._hook.submit(self.application)
  File "/home/airflow/.local/lib/python3.8/site-packages/airflow/providers/apache/spark/hooks/spark_submit.py", line 575, in submit
    raise AirflowException(
airflow.exceptions.AirflowException: Cannot execute: spark-submit --master yarn --conf spark.master=local[*] --name arrow-spark /opt/***/scripts/cleaner.py. Error code is: 1.
[2025-11-30T08:42:12.751+0000] {taskinstance.py:1138} INFO - Marking task as UP_FOR_RETRY. dag_id=1_hourly_cleaning_and_report, task_id=clean_data, execution_date=20251130T084209, start_date=20251130T084211, end_date=20251130T084212
[2025-11-30T08:42:12.770+0000] {standard_task_runner.py:107} ERROR - Failed to execute job 5 for task clean_data (Cannot execute: spark-submit --master yarn --conf spark.master=local[*] --name arrow-spark /opt/***/scripts/cleaner.py. Error code is: 1.; 292)
[2025-11-30T08:42:12.809+0000] {local_task_job_runner.py:234} INFO - Task exited with return code 1
[2025-11-30T08:42:12.841+0000] {taskinstance.py:3280} INFO - 0 downstream tasks scheduled from follow-on schedule check
