[2025-11-30T09:24:59.071+0000] {taskinstance.py:1956} INFO - Dependencies all met for dep_context=non-requeueable deps ti=<TaskInstance: 1_hourly_cleaning_and_report.clean_data scheduled__2025-11-30T08:00:00+00:00 [queued]>
[2025-11-30T09:24:59.080+0000] {taskinstance.py:1956} INFO - Dependencies all met for dep_context=requeueable deps ti=<TaskInstance: 1_hourly_cleaning_and_report.clean_data scheduled__2025-11-30T08:00:00+00:00 [queued]>
[2025-11-30T09:24:59.081+0000] {taskinstance.py:2170} INFO - Starting attempt 1 of 2
[2025-11-30T09:24:59.096+0000] {taskinstance.py:2191} INFO - Executing <Task(SparkSubmitOperator): clean_data> on 2025-11-30 08:00:00+00:00
[2025-11-30T09:24:59.101+0000] {standard_task_runner.py:60} INFO - Started process 190 to run task
[2025-11-30T09:24:59.104+0000] {standard_task_runner.py:87} INFO - Running: ['***', 'tasks', 'run', '1_hourly_cleaning_and_report', 'clean_data', 'scheduled__2025-11-30T08:00:00+00:00', '--job-id', '9', '--raw', '--subdir', 'DAGS_FOLDER/hourly_etl.py', '--cfg-path', '/tmp/tmpno5doh9k']
[2025-11-30T09:24:59.106+0000] {standard_task_runner.py:88} INFO - Job 9: Subtask clean_data
[2025-11-30T09:24:59.182+0000] {task_command.py:423} INFO - Running <TaskInstance: 1_hourly_cleaning_and_report.clean_data scheduled__2025-11-30T08:00:00+00:00 [running]> on host fa0622e2494f
[2025-11-30T09:24:59.285+0000] {taskinstance.py:2480} INFO - Exporting env vars: AIRFLOW_CTX_DAG_OWNER='group12' AIRFLOW_CTX_DAG_ID='1_hourly_cleaning_and_report' AIRFLOW_CTX_TASK_ID='clean_data' AIRFLOW_CTX_EXECUTION_DATE='2025-11-30T08:00:00+00:00' AIRFLOW_CTX_TRY_NUMBER='1' AIRFLOW_CTX_DAG_RUN_ID='scheduled__2025-11-30T08:00:00+00:00'
[2025-11-30T09:24:59.288+0000] {crypto.py:82} WARNING - empty cryptography key - values will not be stored encrypted.
[2025-11-30T09:24:59.289+0000] {base.py:83} INFO - Using connection ID 'spark_default' for task execution.
[2025-11-30T09:24:59.290+0000] {spark_submit.py:473} INFO - Spark-Submit cmd: spark-submit --master local --conf spark.master=local[*] --name arrow-spark /opt/***/scripts/cleaner.py
[2025-11-30T09:25:02.141+0000] {spark_submit.py:649} INFO - 25/11/30 09:25:02 INFO SparkContext: Running Spark version 3.5.0
[2025-11-30T09:25:02.143+0000] {spark_submit.py:649} INFO - 25/11/30 09:25:02 INFO SparkContext: OS info Linux, 6.6.87.2-microsoft-standard-WSL2, amd64
[2025-11-30T09:25:02.144+0000] {spark_submit.py:649} INFO - 25/11/30 09:25:02 INFO SparkContext: Java version 17.0.17
[2025-11-30T09:25:02.218+0000] {spark_submit.py:649} INFO - 25/11/30 09:25:02 WARN NativeCodeLoader: Unable to load native-hadoop library for your platform... using builtin-java classes where applicable
[2025-11-30T09:25:02.304+0000] {spark_submit.py:649} INFO - 25/11/30 09:25:02 INFO ResourceUtils: ==============================================================
[2025-11-30T09:25:02.305+0000] {spark_submit.py:649} INFO - 25/11/30 09:25:02 INFO ResourceUtils: No custom resources configured for spark.driver.
[2025-11-30T09:25:02.306+0000] {spark_submit.py:649} INFO - 25/11/30 09:25:02 INFO ResourceUtils: ==============================================================
[2025-11-30T09:25:02.308+0000] {spark_submit.py:649} INFO - 25/11/30 09:25:02 INFO SparkContext: Submitted application: Air Quality Cleaner
[2025-11-30T09:25:02.322+0000] {spark_submit.py:649} INFO - 25/11/30 09:25:02 INFO ResourceProfile: Default ResourceProfile created, executor resources: Map(cores -> name: cores, amount: 1, script: , vendor: , memory -> name: memory, amount: 1024, script: , vendor: , offHeap -> name: offHeap, amount: 0, script: , vendor: ), task resources: Map(cpus -> name: cpus, amount: 1.0)
[2025-11-30T09:25:02.328+0000] {spark_submit.py:649} INFO - 25/11/30 09:25:02 INFO ResourceProfile: Limiting resource is cpu
[2025-11-30T09:25:02.329+0000] {spark_submit.py:649} INFO - 25/11/30 09:25:02 INFO ResourceProfileManager: Added ResourceProfile id: 0
[2025-11-30T09:25:02.381+0000] {spark_submit.py:649} INFO - 25/11/30 09:25:02 INFO SecurityManager: Changing view acls to: ***
[2025-11-30T09:25:02.384+0000] {spark_submit.py:649} INFO - 25/11/30 09:25:02 INFO SecurityManager: Changing modify acls to: ***
[2025-11-30T09:25:02.385+0000] {spark_submit.py:649} INFO - 25/11/30 09:25:02 INFO SecurityManager: Changing view acls groups to:
[2025-11-30T09:25:02.386+0000] {spark_submit.py:649} INFO - 25/11/30 09:25:02 INFO SecurityManager: Changing modify acls groups to:
[2025-11-30T09:25:02.387+0000] {spark_submit.py:649} INFO - 25/11/30 09:25:02 INFO SecurityManager: SecurityManager: authentication disabled; ui acls disabled; users with view permissions: ***; groups with view permissions: EMPTY; users with modify permissions: ***; groups with modify permissions: EMPTY
[2025-11-30T09:25:02.610+0000] {spark_submit.py:649} INFO - 25/11/30 09:25:02 INFO Utils: Successfully started service 'sparkDriver' on port 38501.
[2025-11-30T09:25:02.647+0000] {spark_submit.py:649} INFO - 25/11/30 09:25:02 INFO SparkEnv: Registering MapOutputTracker
[2025-11-30T09:25:02.692+0000] {spark_submit.py:649} INFO - 25/11/30 09:25:02 INFO SparkEnv: Registering BlockManagerMaster
[2025-11-30T09:25:02.709+0000] {spark_submit.py:649} INFO - 25/11/30 09:25:02 INFO BlockManagerMasterEndpoint: Using org.apache.spark.storage.DefaultTopologyMapper for getting topology information
[2025-11-30T09:25:02.710+0000] {spark_submit.py:649} INFO - 25/11/30 09:25:02 INFO BlockManagerMasterEndpoint: BlockManagerMasterEndpoint up
[2025-11-30T09:25:02.713+0000] {spark_submit.py:649} INFO - 25/11/30 09:25:02 INFO SparkEnv: Registering BlockManagerMasterHeartbeat
[2025-11-30T09:25:02.738+0000] {spark_submit.py:649} INFO - 25/11/30 09:25:02 INFO DiskBlockManager: Created local directory at /tmp/blockmgr-d8b95637-b752-4348-a231-28698b74827f
[2025-11-30T09:25:02.751+0000] {spark_submit.py:649} INFO - 25/11/30 09:25:02 INFO MemoryStore: MemoryStore started with capacity 434.4 MiB
[2025-11-30T09:25:02.765+0000] {spark_submit.py:649} INFO - 25/11/30 09:25:02 INFO SparkEnv: Registering OutputCommitCoordinator
[2025-11-30T09:25:02.896+0000] {spark_submit.py:649} INFO - 25/11/30 09:25:02 INFO JettyUtils: Start Jetty 0.0.0.0:4040 for SparkUI
[2025-11-30T09:25:02.969+0000] {spark_submit.py:649} INFO - 25/11/30 09:25:02 INFO Utils: Successfully started service 'SparkUI' on port 4040.
[2025-11-30T09:25:03.064+0000] {spark_submit.py:649} INFO - 25/11/30 09:25:03 INFO Executor: Starting executor ID driver on host fa0622e2494f
[2025-11-30T09:25:03.065+0000] {spark_submit.py:649} INFO - 25/11/30 09:25:03 INFO Executor: OS info Linux, 6.6.87.2-microsoft-standard-WSL2, amd64
[2025-11-30T09:25:03.066+0000] {spark_submit.py:649} INFO - 25/11/30 09:25:03 INFO Executor: Java version 17.0.17
[2025-11-30T09:25:03.070+0000] {spark_submit.py:649} INFO - 25/11/30 09:25:03 INFO Executor: Starting executor with user classpath (userClassPathFirst = false): ''
[2025-11-30T09:25:03.071+0000] {spark_submit.py:649} INFO - 25/11/30 09:25:03 INFO Executor: Created or updated repl class loader org.apache.spark.util.MutableURLClassLoader@aa898df for default.
[2025-11-30T09:25:03.088+0000] {spark_submit.py:649} INFO - 25/11/30 09:25:03 INFO Utils: Successfully started service 'org.apache.spark.network.netty.NettyBlockTransferService' on port 35449.
[2025-11-30T09:25:03.089+0000] {spark_submit.py:649} INFO - 25/11/30 09:25:03 INFO NettyBlockTransferService: Server created on fa0622e2494f:35449
[2025-11-30T09:25:03.090+0000] {spark_submit.py:649} INFO - 25/11/30 09:25:03 INFO BlockManager: Using org.apache.spark.storage.RandomBlockReplicationPolicy for block replication policy
[2025-11-30T09:25:03.096+0000] {spark_submit.py:649} INFO - 25/11/30 09:25:03 INFO BlockManagerMaster: Registering BlockManager BlockManagerId(driver, fa0622e2494f, 35449, None)
[2025-11-30T09:25:03.099+0000] {spark_submit.py:649} INFO - 25/11/30 09:25:03 INFO BlockManagerMasterEndpoint: Registering block manager fa0622e2494f:35449 with 434.4 MiB RAM, BlockManagerId(driver, fa0622e2494f, 35449, None)
[2025-11-30T09:25:03.101+0000] {spark_submit.py:649} INFO - 25/11/30 09:25:03 INFO BlockManagerMaster: Registered BlockManager BlockManagerId(driver, fa0622e2494f, 35449, None)
[2025-11-30T09:25:03.102+0000] {spark_submit.py:649} INFO - 25/11/30 09:25:03 INFO BlockManager: Initialized BlockManager: BlockManagerId(driver, fa0622e2494f, 35449, None)
[2025-11-30T09:25:03.429+0000] {spark_submit.py:649} INFO - Đang đọc dữ liệu từ: hdfs://hadoop-namenode:9000/data/air-quality/*/*/*/*.json
[2025-11-30T09:25:11.234+0000] {spark_submit.py:649} INFO - Số bản ghi ban đầu: 235
[2025-11-30T09:25:12.987+0000] {spark_submit.py:649} INFO - Số bản ghi sau khi làm sạch: 235
[2025-11-30T09:25:12.989+0000] {spark_submit.py:649} INFO - Đang ghi dữ liệu vào: hdfs://hadoop-namenode:9000/clean-data/air-quality
[2025-11-30T09:25:14.236+0000] {spark_submit.py:649} INFO - Lỗi khi ghi dữ liệu: An error occurred while calling o79.parquet.
[2025-11-30T09:25:14.238+0000] {spark_submit.py:649} INFO - : org.apache.hadoop.security.AccessControlException: Permission denied: user=***, access=WRITE, inode="/clean-data/air-quality":hadoop:supergroup:drwxr-xr-x
[2025-11-30T09:25:14.240+0000] {spark_submit.py:649} INFO - at org.apache.hadoop.hdfs.server.namenode.FSPermissionChecker.check(FSPermissionChecker.java:399)
[2025-11-30T09:25:14.242+0000] {spark_submit.py:649} INFO - at org.apache.hadoop.hdfs.server.namenode.FSPermissionChecker.checkPermission(FSPermissionChecker.java:255)
[2025-11-30T09:25:14.243+0000] {spark_submit.py:649} INFO - at org.apache.hadoop.hdfs.server.namenode.FSPermissionChecker.checkPermission(FSPermissionChecker.java:193)
[2025-11-30T09:25:14.244+0000] {spark_submit.py:649} INFO - at org.apache.hadoop.hdfs.server.namenode.FSDirectory.checkPermission(FSDirectory.java:1879)
[2025-11-30T09:25:14.247+0000] {spark_submit.py:649} INFO - at org.apache.hadoop.hdfs.server.namenode.FSDirectory.checkPermission(FSDirectory.java:1863)
[2025-11-30T09:25:14.248+0000] {spark_submit.py:649} INFO - at org.apache.hadoop.hdfs.server.namenode.FSDirectory.checkAncestorAccess(FSDirectory.java:1822)
[2025-11-30T09:25:14.249+0000] {spark_submit.py:649} INFO - at org.apache.hadoop.hdfs.server.namenode.FSDirMkdirOp.mkdirs(FSDirMkdirOp.java:59)
[2025-11-30T09:25:14.252+0000] {spark_submit.py:649} INFO - at org.apache.hadoop.hdfs.server.namenode.FSNamesystem.mkdirs(FSNamesystem.java:3233)
[2025-11-30T09:25:14.253+0000] {spark_submit.py:649} INFO - at org.apache.hadoop.hdfs.server.namenode.NameNodeRpcServer.mkdirs(NameNodeRpcServer.java:1145)
[2025-11-30T09:25:14.254+0000] {spark_submit.py:649} INFO - at org.apache.hadoop.hdfs.protocolPB.ClientNamenodeProtocolServerSideTranslatorPB.mkdirs(ClientNamenodeProtocolServerSideTranslatorPB.java:720)
[2025-11-30T09:25:14.257+0000] {spark_submit.py:649} INFO - at org.apache.hadoop.hdfs.protocol.proto.ClientNamenodeProtocolProtos$ClientNamenodeProtocol$2.callBlockingMethod(ClientNamenodeProtocolProtos.java)
[2025-11-30T09:25:14.258+0000] {spark_submit.py:649} INFO - at org.apache.hadoop.ipc.ProtobufRpcEngine$Server$ProtoBufRpcInvoker.call(ProtobufRpcEngine.java:528)
[2025-11-30T09:25:14.259+0000] {spark_submit.py:649} INFO - at org.apache.hadoop.ipc.RPC$Server.call(RPC.java:1070)
[2025-11-30T09:25:14.261+0000] {spark_submit.py:649} INFO - at org.apache.hadoop.ipc.Server$RpcCall.run(Server.java:999)
[2025-11-30T09:25:14.263+0000] {spark_submit.py:649} INFO - at org.apache.hadoop.ipc.Server$RpcCall.run(Server.java:927)
[2025-11-30T09:25:14.263+0000] {spark_submit.py:649} INFO - at java.security.AccessController.doPrivileged(Native Method)
[2025-11-30T09:25:14.264+0000] {spark_submit.py:649} INFO - at javax.security.auth.Subject.doAs(Subject.java:422)
[2025-11-30T09:25:14.265+0000] {spark_submit.py:649} INFO - at org.apache.hadoop.security.UserGroupInformation.doAs(UserGroupInformation.java:1730)
[2025-11-30T09:25:14.266+0000] {spark_submit.py:649} INFO - at org.apache.hadoop.ipc.Server$Handler.run(Server.java:2915)
[2025-11-30T09:25:14.268+0000] {spark_submit.py:649} INFO - 
[2025-11-30T09:25:14.270+0000] {spark_submit.py:649} INFO - at java.base/jdk.internal.reflect.NativeConstructorAccessorImpl.newInstance0(Native Method)
[2025-11-30T09:25:14.271+0000] {spark_submit.py:649} INFO - at java.base/jdk.internal.reflect.NativeConstructorAccessorImpl.newInstance(NativeConstructorAccessorImpl.java:77)
[2025-11-30T09:25:14.276+0000] {spark_submit.py:649} INFO - at java.base/jdk.internal.reflect.DelegatingConstructorAccessorImpl.newInstance(DelegatingConstructorAccessorImpl.java:45)
[2025-11-30T09:25:14.277+0000] {spark_submit.py:649} INFO - at java.base/java.lang.reflect.Constructor.newInstanceWithCaller(Constructor.java:500)
[2025-11-30T09:25:14.279+0000] {spark_submit.py:649} INFO - at java.base/java.lang.reflect.Constructor.newInstance(Constructor.java:481)
[2025-11-30T09:25:14.280+0000] {spark_submit.py:649} INFO - at org.apache.hadoop.ipc.RemoteException.instantiateException(RemoteException.java:121)
[2025-11-30T09:25:14.281+0000] {spark_submit.py:649} INFO - at org.apache.hadoop.ipc.RemoteException.unwrapRemoteException(RemoteException.java:88)
[2025-11-30T09:25:14.282+0000] {spark_submit.py:649} INFO - at org.apache.hadoop.hdfs.DFSClient.primitiveMkdir(DFSClient.java:2509)
[2025-11-30T09:25:14.282+0000] {spark_submit.py:649} INFO - at org.apache.hadoop.hdfs.DFSClient.mkdirs(DFSClient.java:2483)
[2025-11-30T09:25:14.283+0000] {spark_submit.py:649} INFO - at org.apache.hadoop.hdfs.DistributedFileSystem$27.doCall(DistributedFileSystem.java:1485)
[2025-11-30T09:25:14.284+0000] {spark_submit.py:649} INFO - at org.apache.hadoop.hdfs.DistributedFileSystem$27.doCall(DistributedFileSystem.java:1482)
[2025-11-30T09:25:14.286+0000] {spark_submit.py:649} INFO - at org.apache.hadoop.fs.FileSystemLinkResolver.resolve(FileSystemLinkResolver.java:81)
[2025-11-30T09:25:14.287+0000] {spark_submit.py:649} INFO - at org.apache.hadoop.hdfs.DistributedFileSystem.mkdirsInternal(DistributedFileSystem.java:1499)
[2025-11-30T09:25:14.289+0000] {spark_submit.py:649} INFO - at org.apache.hadoop.hdfs.DistributedFileSystem.mkdirs(DistributedFileSystem.java:1474)
[2025-11-30T09:25:14.289+0000] {spark_submit.py:649} INFO - at org.apache.hadoop.fs.FileSystem.mkdirs(FileSystem.java:2388)
[2025-11-30T09:25:14.290+0000] {spark_submit.py:649} INFO - at org.apache.hadoop.mapreduce.lib.output.FileOutputCommitter.setupJob(FileOutputCommitter.java:356)
[2025-11-30T09:25:14.290+0000] {spark_submit.py:649} INFO - at org.apache.spark.internal.io.HadoopMapReduceCommitProtocol.setupJob(HadoopMapReduceCommitProtocol.scala:188)
[2025-11-30T09:25:14.290+0000] {spark_submit.py:649} INFO - at org.apache.spark.sql.execution.datasources.FileFormatWriter$.writeAndCommit(FileFormatWriter.scala:269)
[2025-11-30T09:25:14.291+0000] {spark_submit.py:649} INFO - at org.apache.spark.sql.execution.datasources.FileFormatWriter$.executeWrite(FileFormatWriter.scala:304)
[2025-11-30T09:25:14.291+0000] {spark_submit.py:649} INFO - at org.apache.spark.sql.execution.datasources.FileFormatWriter$.write(FileFormatWriter.scala:190)
[2025-11-30T09:25:14.292+0000] {spark_submit.py:649} INFO - at org.apache.spark.sql.execution.datasources.InsertIntoHadoopFsRelationCommand.run(InsertIntoHadoopFsRelationCommand.scala:190)
[2025-11-30T09:25:14.293+0000] {spark_submit.py:649} INFO - at org.apache.spark.sql.execution.command.DataWritingCommandExec.sideEffectResult$lzycompute(commands.scala:113)
[2025-11-30T09:25:14.293+0000] {spark_submit.py:649} INFO - at org.apache.spark.sql.execution.command.DataWritingCommandExec.sideEffectResult(commands.scala:111)
[2025-11-30T09:25:14.294+0000] {spark_submit.py:649} INFO - at org.apache.spark.sql.execution.command.DataWritingCommandExec.executeCollect(commands.scala:125)
[2025-11-30T09:25:14.294+0000] {spark_submit.py:649} INFO - at org.apache.spark.sql.execution.adaptive.AdaptiveSparkPlanExec.$anonfun$executeCollect$1(AdaptiveSparkPlanExec.scala:374)
[2025-11-30T09:25:14.295+0000] {spark_submit.py:649} INFO - at org.apache.spark.sql.execution.adaptive.AdaptiveSparkPlanExec.withFinalPlanUpdate(AdaptiveSparkPlanExec.scala:402)
[2025-11-30T09:25:14.295+0000] {spark_submit.py:649} INFO - at org.apache.spark.sql.execution.adaptive.AdaptiveSparkPlanExec.executeCollect(AdaptiveSparkPlanExec.scala:374)
[2025-11-30T09:25:14.296+0000] {spark_submit.py:649} INFO - at org.apache.spark.sql.execution.QueryExecution$$anonfun$eagerlyExecuteCommands$1.$anonfun$applyOrElse$1(QueryExecution.scala:107)
[2025-11-30T09:25:14.296+0000] {spark_submit.py:649} INFO - at org.apache.spark.sql.execution.SQLExecution$.$anonfun$withNewExecutionId$6(SQLExecution.scala:125)
[2025-11-30T09:25:14.297+0000] {spark_submit.py:649} INFO - at org.apache.spark.sql.execution.SQLExecution$.withSQLConfPropagated(SQLExecution.scala:201)
[2025-11-30T09:25:14.297+0000] {spark_submit.py:649} INFO - at org.apache.spark.sql.execution.SQLExecution$.$anonfun$withNewExecutionId$1(SQLExecution.scala:108)
[2025-11-30T09:25:14.298+0000] {spark_submit.py:649} INFO - at org.apache.spark.sql.SparkSession.withActive(SparkSession.scala:900)
[2025-11-30T09:25:14.298+0000] {spark_submit.py:649} INFO - at org.apache.spark.sql.execution.SQLExecution$.withNewExecutionId(SQLExecution.scala:66)
[2025-11-30T09:25:14.299+0000] {spark_submit.py:649} INFO - at org.apache.spark.sql.execution.QueryExecution$$anonfun$eagerlyExecuteCommands$1.applyOrElse(QueryExecution.scala:107)
[2025-11-30T09:25:14.299+0000] {spark_submit.py:649} INFO - at org.apache.spark.sql.execution.QueryExecution$$anonfun$eagerlyExecuteCommands$1.applyOrElse(QueryExecution.scala:98)
[2025-11-30T09:25:14.300+0000] {spark_submit.py:649} INFO - at org.apache.spark.sql.catalyst.trees.TreeNode.$anonfun$transformDownWithPruning$1(TreeNode.scala:461)
[2025-11-30T09:25:14.300+0000] {spark_submit.py:649} INFO - at org.apache.spark.sql.catalyst.trees.CurrentOrigin$.withOrigin(origin.scala:76)
[2025-11-30T09:25:14.301+0000] {spark_submit.py:649} INFO - at org.apache.spark.sql.catalyst.trees.TreeNode.transformDownWithPruning(TreeNode.scala:461)
[2025-11-30T09:25:14.301+0000] {spark_submit.py:649} INFO - at org.apache.spark.sql.catalyst.plans.logical.LogicalPlan.org$apache$spark$sql$catalyst$plans$logical$AnalysisHelper$$super$transformDownWithPruning(LogicalPlan.scala:32)
[2025-11-30T09:25:14.302+0000] {spark_submit.py:649} INFO - at org.apache.spark.sql.catalyst.plans.logical.AnalysisHelper.transformDownWithPruning(AnalysisHelper.scala:267)
[2025-11-30T09:25:14.302+0000] {spark_submit.py:649} INFO - at org.apache.spark.sql.catalyst.plans.logical.AnalysisHelper.transformDownWithPruning$(AnalysisHelper.scala:263)
[2025-11-30T09:25:14.303+0000] {spark_submit.py:649} INFO - at org.apache.spark.sql.catalyst.plans.logical.LogicalPlan.transformDownWithPruning(LogicalPlan.scala:32)
[2025-11-30T09:25:14.303+0000] {spark_submit.py:649} INFO - at org.apache.spark.sql.catalyst.plans.logical.LogicalPlan.transformDownWithPruning(LogicalPlan.scala:32)
[2025-11-30T09:25:14.304+0000] {spark_submit.py:649} INFO - at org.apache.spark.sql.catalyst.trees.TreeNode.transformDown(TreeNode.scala:437)
[2025-11-30T09:25:14.308+0000] {spark_submit.py:649} INFO - at org.apache.spark.sql.execution.QueryExecution.eagerlyExecuteCommands(QueryExecution.scala:98)
[2025-11-30T09:25:14.309+0000] {spark_submit.py:649} INFO - at org.apache.spark.sql.execution.QueryExecution.commandExecuted$lzycompute(QueryExecution.scala:85)
[2025-11-30T09:25:14.310+0000] {spark_submit.py:649} INFO - at org.apache.spark.sql.execution.QueryExecution.commandExecuted(QueryExecution.scala:83)
[2025-11-30T09:25:14.311+0000] {spark_submit.py:649} INFO - at org.apache.spark.sql.execution.QueryExecution.assertCommandExecuted(QueryExecution.scala:142)
[2025-11-30T09:25:14.311+0000] {spark_submit.py:649} INFO - at org.apache.spark.sql.DataFrameWriter.runCommand(DataFrameWriter.scala:859)
[2025-11-30T09:25:14.312+0000] {spark_submit.py:649} INFO - at org.apache.spark.sql.DataFrameWriter.saveToV1Source(DataFrameWriter.scala:388)
[2025-11-30T09:25:14.312+0000] {spark_submit.py:649} INFO - at org.apache.spark.sql.DataFrameWriter.saveInternal(DataFrameWriter.scala:361)
[2025-11-30T09:25:14.313+0000] {spark_submit.py:649} INFO - at org.apache.spark.sql.DataFrameWriter.save(DataFrameWriter.scala:240)
[2025-11-30T09:25:14.313+0000] {spark_submit.py:649} INFO - at org.apache.spark.sql.DataFrameWriter.parquet(DataFrameWriter.scala:792)
[2025-11-30T09:25:14.313+0000] {spark_submit.py:649} INFO - at java.base/jdk.internal.reflect.NativeMethodAccessorImpl.invoke0(Native Method)
[2025-11-30T09:25:14.314+0000] {spark_submit.py:649} INFO - at java.base/jdk.internal.reflect.NativeMethodAccessorImpl.invoke(NativeMethodAccessorImpl.java:77)
[2025-11-30T09:25:14.314+0000] {spark_submit.py:649} INFO - at java.base/jdk.internal.reflect.DelegatingMethodAccessorImpl.invoke(DelegatingMethodAccessorImpl.java:43)
[2025-11-30T09:25:14.315+0000] {spark_submit.py:649} INFO - at java.base/java.lang.reflect.Method.invoke(Method.java:569)
[2025-11-30T09:25:14.315+0000] {spark_submit.py:649} INFO - at py4j.reflection.MethodInvoker.invoke(MethodInvoker.java:244)
[2025-11-30T09:25:14.316+0000] {spark_submit.py:649} INFO - at py4j.reflection.ReflectionEngine.invoke(ReflectionEngine.java:374)
[2025-11-30T09:25:14.316+0000] {spark_submit.py:649} INFO - at py4j.Gateway.invoke(Gateway.java:282)
[2025-11-30T09:25:14.317+0000] {spark_submit.py:649} INFO - at py4j.commands.AbstractCommand.invokeMethod(AbstractCommand.java:132)
[2025-11-30T09:25:14.318+0000] {spark_submit.py:649} INFO - at py4j.commands.CallCommand.execute(CallCommand.java:79)
[2025-11-30T09:25:14.318+0000] {spark_submit.py:649} INFO - at py4j.ClientServerConnection.waitForCommands(ClientServerConnection.java:182)
[2025-11-30T09:25:14.319+0000] {spark_submit.py:649} INFO - at py4j.ClientServerConnection.run(ClientServerConnection.java:106)
[2025-11-30T09:25:14.319+0000] {spark_submit.py:649} INFO - at java.base/java.lang.Thread.run(Thread.java:840)
[2025-11-30T09:25:14.320+0000] {spark_submit.py:649} INFO - Caused by: org.apache.hadoop.ipc.RemoteException(org.apache.hadoop.security.AccessControlException): Permission denied: user=***, access=WRITE, inode="/clean-data/air-quality":hadoop:supergroup:drwxr-xr-x
[2025-11-30T09:25:14.320+0000] {spark_submit.py:649} INFO - at org.apache.hadoop.hdfs.server.namenode.FSPermissionChecker.check(FSPermissionChecker.java:399)
[2025-11-30T09:25:14.321+0000] {spark_submit.py:649} INFO - at org.apache.hadoop.hdfs.server.namenode.FSPermissionChecker.checkPermission(FSPermissionChecker.java:255)
[2025-11-30T09:25:14.321+0000] {spark_submit.py:649} INFO - at org.apache.hadoop.hdfs.server.namenode.FSPermissionChecker.checkPermission(FSPermissionChecker.java:193)
[2025-11-30T09:25:14.322+0000] {spark_submit.py:649} INFO - at org.apache.hadoop.hdfs.server.namenode.FSDirectory.checkPermission(FSDirectory.java:1879)
[2025-11-30T09:25:14.322+0000] {spark_submit.py:649} INFO - at org.apache.hadoop.hdfs.server.namenode.FSDirectory.checkPermission(FSDirectory.java:1863)
[2025-11-30T09:25:14.323+0000] {spark_submit.py:649} INFO - at org.apache.hadoop.hdfs.server.namenode.FSDirectory.checkAncestorAccess(FSDirectory.java:1822)
[2025-11-30T09:25:14.323+0000] {spark_submit.py:649} INFO - at org.apache.hadoop.hdfs.server.namenode.FSDirMkdirOp.mkdirs(FSDirMkdirOp.java:59)
[2025-11-30T09:25:14.324+0000] {spark_submit.py:649} INFO - at org.apache.hadoop.hdfs.server.namenode.FSNamesystem.mkdirs(FSNamesystem.java:3233)
[2025-11-30T09:25:14.324+0000] {spark_submit.py:649} INFO - at org.apache.hadoop.hdfs.server.namenode.NameNodeRpcServer.mkdirs(NameNodeRpcServer.java:1145)
[2025-11-30T09:25:14.325+0000] {spark_submit.py:649} INFO - at org.apache.hadoop.hdfs.protocolPB.ClientNamenodeProtocolServerSideTranslatorPB.mkdirs(ClientNamenodeProtocolServerSideTranslatorPB.java:720)
[2025-11-30T09:25:14.325+0000] {spark_submit.py:649} INFO - at org.apache.hadoop.hdfs.protocol.proto.ClientNamenodeProtocolProtos$ClientNamenodeProtocol$2.callBlockingMethod(ClientNamenodeProtocolProtos.java)
[2025-11-30T09:25:14.326+0000] {spark_submit.py:649} INFO - at org.apache.hadoop.ipc.ProtobufRpcEngine$Server$ProtoBufRpcInvoker.call(ProtobufRpcEngine.java:528)
[2025-11-30T09:25:14.326+0000] {spark_submit.py:649} INFO - at org.apache.hadoop.ipc.RPC$Server.call(RPC.java:1070)
[2025-11-30T09:25:14.326+0000] {spark_submit.py:649} INFO - at org.apache.hadoop.ipc.Server$RpcCall.run(Server.java:999)
[2025-11-30T09:25:14.327+0000] {spark_submit.py:649} INFO - at org.apache.hadoop.ipc.Server$RpcCall.run(Server.java:927)
[2025-11-30T09:25:14.327+0000] {spark_submit.py:649} INFO - at java.security.AccessController.doPrivileged(Native Method)
[2025-11-30T09:25:14.328+0000] {spark_submit.py:649} INFO - at javax.security.auth.Subject.doAs(Subject.java:422)
[2025-11-30T09:25:14.328+0000] {spark_submit.py:649} INFO - at org.apache.hadoop.security.UserGroupInformation.doAs(UserGroupInformation.java:1730)
[2025-11-30T09:25:14.329+0000] {spark_submit.py:649} INFO - at org.apache.hadoop.ipc.Server$Handler.run(Server.java:2915)
[2025-11-30T09:25:14.329+0000] {spark_submit.py:649} INFO - 
[2025-11-30T09:25:14.330+0000] {spark_submit.py:649} INFO - at org.apache.hadoop.ipc.Client.getRpcResponse(Client.java:1612)
[2025-11-30T09:25:14.330+0000] {spark_submit.py:649} INFO - at org.apache.hadoop.ipc.Client.call(Client.java:1558)
[2025-11-30T09:25:14.330+0000] {spark_submit.py:649} INFO - at org.apache.hadoop.ipc.Client.call(Client.java:1455)
[2025-11-30T09:25:14.331+0000] {spark_submit.py:649} INFO - at org.apache.hadoop.ipc.ProtobufRpcEngine2$Invoker.invoke(ProtobufRpcEngine2.java:242)
[2025-11-30T09:25:14.331+0000] {spark_submit.py:649} INFO - at org.apache.hadoop.ipc.ProtobufRpcEngine2$Invoker.invoke(ProtobufRpcEngine2.java:129)
[2025-11-30T09:25:14.332+0000] {spark_submit.py:649} INFO - at jdk.proxy2/jdk.proxy2.$Proxy35.mkdirs(Unknown Source)
[2025-11-30T09:25:14.332+0000] {spark_submit.py:649} INFO - at org.apache.hadoop.hdfs.protocolPB.ClientNamenodeProtocolTranslatorPB.mkdirs(ClientNamenodeProtocolTranslatorPB.java:674)
[2025-11-30T09:25:14.332+0000] {spark_submit.py:649} INFO - at java.base/jdk.internal.reflect.NativeMethodAccessorImpl.invoke0(Native Method)
[2025-11-30T09:25:14.333+0000] {spark_submit.py:649} INFO - at java.base/jdk.internal.reflect.NativeMethodAccessorImpl.invoke(NativeMethodAccessorImpl.java:77)
[2025-11-30T09:25:14.333+0000] {spark_submit.py:649} INFO - at java.base/jdk.internal.reflect.DelegatingMethodAccessorImpl.invoke(DelegatingMethodAccessorImpl.java:43)
[2025-11-30T09:25:14.334+0000] {spark_submit.py:649} INFO - at java.base/java.lang.reflect.Method.invoke(Method.java:569)
[2025-11-30T09:25:14.334+0000] {spark_submit.py:649} INFO - at org.apache.hadoop.io.retry.RetryInvocationHandler.invokeMethod(RetryInvocationHandler.java:422)
[2025-11-30T09:25:14.334+0000] {spark_submit.py:649} INFO - at org.apache.hadoop.io.retry.RetryInvocationHandler$Call.invokeMethod(RetryInvocationHandler.java:165)
[2025-11-30T09:25:14.334+0000] {spark_submit.py:649} INFO - at org.apache.hadoop.io.retry.RetryInvocationHandler$Call.invoke(RetryInvocationHandler.java:157)
[2025-11-30T09:25:14.335+0000] {spark_submit.py:649} INFO - at org.apache.hadoop.io.retry.RetryInvocationHandler$Call.invokeOnce(RetryInvocationHandler.java:95)
[2025-11-30T09:25:14.335+0000] {spark_submit.py:649} INFO - at org.apache.hadoop.io.retry.RetryInvocationHandler.invoke(RetryInvocationHandler.java:359)
[2025-11-30T09:25:14.336+0000] {spark_submit.py:649} INFO - at jdk.proxy2/jdk.proxy2.$Proxy36.mkdirs(Unknown Source)
[2025-11-30T09:25:14.336+0000] {spark_submit.py:649} INFO - at org.apache.hadoop.hdfs.DFSClient.primitiveMkdir(DFSClient.java:2507)
[2025-11-30T09:25:14.337+0000] {spark_submit.py:649} INFO - ... 57 more
[2025-11-30T09:25:14.337+0000] {spark_submit.py:649} INFO - 
[2025-11-30T09:25:14.377+0000] {taskinstance.py:2698} ERROR - Task failed with exception
Traceback (most recent call last):
  File "/home/airflow/.local/lib/python3.8/site-packages/airflow/models/taskinstance.py", line 433, in _execute_task
    result = execute_callable(context=context, **execute_callable_kwargs)
  File "/home/airflow/.local/lib/python3.8/site-packages/airflow/providers/apache/spark/operators/spark_submit.py", line 176, in execute
    self._hook.submit(self.application)
  File "/home/airflow/.local/lib/python3.8/site-packages/airflow/providers/apache/spark/hooks/spark_submit.py", line 575, in submit
    raise AirflowException(
airflow.exceptions.AirflowException: Cannot execute: spark-submit --master local --conf spark.master=local[*] --name arrow-spark /opt/***/scripts/cleaner.py. Error code is: 1.
[2025-11-30T09:25:14.383+0000] {taskinstance.py:1138} INFO - Marking task as UP_FOR_RETRY. dag_id=1_hourly_cleaning_and_report, task_id=clean_data, execution_date=20251130T080000, start_date=20251130T092459, end_date=20251130T092514
[2025-11-30T09:25:14.402+0000] {standard_task_runner.py:107} ERROR - Failed to execute job 9 for task clean_data (Cannot execute: spark-submit --master local --conf spark.master=local[*] --name arrow-spark /opt/***/scripts/cleaner.py. Error code is: 1.; 190)
[2025-11-30T09:25:14.419+0000] {local_task_job_runner.py:234} INFO - Task exited with return code 1
[2025-11-30T09:25:14.443+0000] {taskinstance.py:3280} INFO - 0 downstream tasks scheduled from follow-on schedule check
