[2025-11-30T09:30:14.764+0000] {taskinstance.py:1956} INFO - Dependencies all met for dep_context=non-requeueable deps ti=<TaskInstance: 1_hourly_cleaning_and_report.clean_data scheduled__2025-11-30T08:00:00+00:00 [queued]>
[2025-11-30T09:30:14.774+0000] {taskinstance.py:1956} INFO - Dependencies all met for dep_context=requeueable deps ti=<TaskInstance: 1_hourly_cleaning_and_report.clean_data scheduled__2025-11-30T08:00:00+00:00 [queued]>
[2025-11-30T09:30:14.775+0000] {taskinstance.py:2170} INFO - Starting attempt 2 of 2
[2025-11-30T09:30:14.790+0000] {taskinstance.py:2191} INFO - Executing <Task(SparkSubmitOperator): clean_data> on 2025-11-30 08:00:00+00:00
[2025-11-30T09:30:14.795+0000] {standard_task_runner.py:60} INFO - Started process 609 to run task
[2025-11-30T09:30:14.799+0000] {standard_task_runner.py:87} INFO - Running: ['***', 'tasks', 'run', '1_hourly_cleaning_and_report', 'clean_data', 'scheduled__2025-11-30T08:00:00+00:00', '--job-id', '10', '--raw', '--subdir', 'DAGS_FOLDER/hourly_etl.py', '--cfg-path', '/tmp/tmpq5kvqlvz']
[2025-11-30T09:30:14.803+0000] {standard_task_runner.py:88} INFO - Job 10: Subtask clean_data
[2025-11-30T09:30:14.889+0000] {task_command.py:423} INFO - Running <TaskInstance: 1_hourly_cleaning_and_report.clean_data scheduled__2025-11-30T08:00:00+00:00 [running]> on host fa0622e2494f
[2025-11-30T09:30:14.995+0000] {taskinstance.py:2480} INFO - Exporting env vars: AIRFLOW_CTX_DAG_OWNER='group12' AIRFLOW_CTX_DAG_ID='1_hourly_cleaning_and_report' AIRFLOW_CTX_TASK_ID='clean_data' AIRFLOW_CTX_EXECUTION_DATE='2025-11-30T08:00:00+00:00' AIRFLOW_CTX_TRY_NUMBER='2' AIRFLOW_CTX_DAG_RUN_ID='scheduled__2025-11-30T08:00:00+00:00'
[2025-11-30T09:30:14.997+0000] {crypto.py:82} WARNING - empty cryptography key - values will not be stored encrypted.
[2025-11-30T09:30:14.998+0000] {base.py:83} INFO - Using connection ID 'spark_default' for task execution.
[2025-11-30T09:30:15.000+0000] {spark_submit.py:473} INFO - Spark-Submit cmd: spark-submit --master local --conf spark.master=local[*] --name arrow-spark /opt/***/scripts/cleaner.py
[2025-11-30T09:30:17.369+0000] {spark_submit.py:649} INFO - 25/11/30 09:30:17 INFO SparkContext: Running Spark version 3.5.0
[2025-11-30T09:30:17.373+0000] {spark_submit.py:649} INFO - 25/11/30 09:30:17 INFO SparkContext: OS info Linux, 6.6.87.2-microsoft-standard-WSL2, amd64
[2025-11-30T09:30:17.374+0000] {spark_submit.py:649} INFO - 25/11/30 09:30:17 INFO SparkContext: Java version 17.0.17
[2025-11-30T09:30:17.424+0000] {spark_submit.py:649} INFO - 25/11/30 09:30:17 WARN NativeCodeLoader: Unable to load native-hadoop library for your platform... using builtin-java classes where applicable
[2025-11-30T09:30:17.495+0000] {spark_submit.py:649} INFO - 25/11/30 09:30:17 INFO ResourceUtils: ==============================================================
[2025-11-30T09:30:17.496+0000] {spark_submit.py:649} INFO - 25/11/30 09:30:17 INFO ResourceUtils: No custom resources configured for spark.driver.
[2025-11-30T09:30:17.496+0000] {spark_submit.py:649} INFO - 25/11/30 09:30:17 INFO ResourceUtils: ==============================================================
[2025-11-30T09:30:17.497+0000] {spark_submit.py:649} INFO - 25/11/30 09:30:17 INFO SparkContext: Submitted application: Air Quality Cleaner
[2025-11-30T09:30:17.512+0000] {spark_submit.py:649} INFO - 25/11/30 09:30:17 INFO ResourceProfile: Default ResourceProfile created, executor resources: Map(cores -> name: cores, amount: 1, script: , vendor: , memory -> name: memory, amount: 1024, script: , vendor: , offHeap -> name: offHeap, amount: 0, script: , vendor: ), task resources: Map(cpus -> name: cpus, amount: 1.0)
[2025-11-30T09:30:17.518+0000] {spark_submit.py:649} INFO - 25/11/30 09:30:17 INFO ResourceProfile: Limiting resource is cpu
[2025-11-30T09:30:17.519+0000] {spark_submit.py:649} INFO - 25/11/30 09:30:17 INFO ResourceProfileManager: Added ResourceProfile id: 0
[2025-11-30T09:30:17.555+0000] {spark_submit.py:649} INFO - 25/11/30 09:30:17 INFO SecurityManager: Changing view acls to: ***
[2025-11-30T09:30:17.556+0000] {spark_submit.py:649} INFO - 25/11/30 09:30:17 INFO SecurityManager: Changing modify acls to: ***
[2025-11-30T09:30:17.557+0000] {spark_submit.py:649} INFO - 25/11/30 09:30:17 INFO SecurityManager: Changing view acls groups to:
[2025-11-30T09:30:17.558+0000] {spark_submit.py:649} INFO - 25/11/30 09:30:17 INFO SecurityManager: Changing modify acls groups to:
[2025-11-30T09:30:17.558+0000] {spark_submit.py:649} INFO - 25/11/30 09:30:17 INFO SecurityManager: SecurityManager: authentication disabled; ui acls disabled; users with view permissions: ***; groups with view permissions: EMPTY; users with modify permissions: ***; groups with modify permissions: EMPTY
[2025-11-30T09:30:17.730+0000] {spark_submit.py:649} INFO - 25/11/30 09:30:17 INFO Utils: Successfully started service 'sparkDriver' on port 32843.
[2025-11-30T09:30:17.756+0000] {spark_submit.py:649} INFO - 25/11/30 09:30:17 INFO SparkEnv: Registering MapOutputTracker
[2025-11-30T09:30:17.788+0000] {spark_submit.py:649} INFO - 25/11/30 09:30:17 INFO SparkEnv: Registering BlockManagerMaster
[2025-11-30T09:30:17.804+0000] {spark_submit.py:649} INFO - 25/11/30 09:30:17 INFO BlockManagerMasterEndpoint: Using org.apache.spark.storage.DefaultTopologyMapper for getting topology information
[2025-11-30T09:30:17.805+0000] {spark_submit.py:649} INFO - 25/11/30 09:30:17 INFO BlockManagerMasterEndpoint: BlockManagerMasterEndpoint up
[2025-11-30T09:30:17.808+0000] {spark_submit.py:649} INFO - 25/11/30 09:30:17 INFO SparkEnv: Registering BlockManagerMasterHeartbeat
[2025-11-30T09:30:17.825+0000] {spark_submit.py:649} INFO - 25/11/30 09:30:17 INFO DiskBlockManager: Created local directory at /tmp/blockmgr-746d874e-5c68-4ace-a38a-4b0743ec6d25
[2025-11-30T09:30:17.836+0000] {spark_submit.py:649} INFO - 25/11/30 09:30:17 INFO MemoryStore: MemoryStore started with capacity 434.4 MiB
[2025-11-30T09:30:17.850+0000] {spark_submit.py:649} INFO - 25/11/30 09:30:17 INFO SparkEnv: Registering OutputCommitCoordinator
[2025-11-30T09:30:17.949+0000] {spark_submit.py:649} INFO - 25/11/30 09:30:17 INFO JettyUtils: Start Jetty 0.0.0.0:4040 for SparkUI
[2025-11-30T09:30:18.008+0000] {spark_submit.py:649} INFO - 25/11/30 09:30:18 INFO Utils: Successfully started service 'SparkUI' on port 4040.
[2025-11-30T09:30:18.089+0000] {spark_submit.py:649} INFO - 25/11/30 09:30:18 INFO Executor: Starting executor ID driver on host fa0622e2494f
[2025-11-30T09:30:18.090+0000] {spark_submit.py:649} INFO - 25/11/30 09:30:18 INFO Executor: OS info Linux, 6.6.87.2-microsoft-standard-WSL2, amd64
[2025-11-30T09:30:18.090+0000] {spark_submit.py:649} INFO - 25/11/30 09:30:18 INFO Executor: Java version 17.0.17
[2025-11-30T09:30:18.094+0000] {spark_submit.py:649} INFO - 25/11/30 09:30:18 INFO Executor: Starting executor with user classpath (userClassPathFirst = false): ''
[2025-11-30T09:30:18.095+0000] {spark_submit.py:649} INFO - 25/11/30 09:30:18 INFO Executor: Created or updated repl class loader org.apache.spark.util.MutableURLClassLoader@61235948 for default.
[2025-11-30T09:30:18.110+0000] {spark_submit.py:649} INFO - 25/11/30 09:30:18 INFO Utils: Successfully started service 'org.apache.spark.network.netty.NettyBlockTransferService' on port 36733.
[2025-11-30T09:30:18.110+0000] {spark_submit.py:649} INFO - 25/11/30 09:30:18 INFO NettyBlockTransferService: Server created on fa0622e2494f:36733
[2025-11-30T09:30:18.111+0000] {spark_submit.py:649} INFO - 25/11/30 09:30:18 INFO BlockManager: Using org.apache.spark.storage.RandomBlockReplicationPolicy for block replication policy
[2025-11-30T09:30:18.115+0000] {spark_submit.py:649} INFO - 25/11/30 09:30:18 INFO BlockManagerMaster: Registering BlockManager BlockManagerId(driver, fa0622e2494f, 36733, None)
[2025-11-30T09:30:18.118+0000] {spark_submit.py:649} INFO - 25/11/30 09:30:18 INFO BlockManagerMasterEndpoint: Registering block manager fa0622e2494f:36733 with 434.4 MiB RAM, BlockManagerId(driver, fa0622e2494f, 36733, None)
[2025-11-30T09:30:18.120+0000] {spark_submit.py:649} INFO - 25/11/30 09:30:18 INFO BlockManagerMaster: Registered BlockManager BlockManagerId(driver, fa0622e2494f, 36733, None)
[2025-11-30T09:30:18.121+0000] {spark_submit.py:649} INFO - 25/11/30 09:30:18 INFO BlockManager: Initialized BlockManager: BlockManagerId(driver, fa0622e2494f, 36733, None)
[2025-11-30T09:30:18.406+0000] {spark_submit.py:649} INFO - Đang đọc dữ liệu từ: hdfs://hadoop-namenode:9000/data/air-quality/*/*/*/*.json
[2025-11-30T09:30:22.394+0000] {spark_submit.py:649} INFO - Số bản ghi ban đầu: 5
[2025-11-30T09:30:23.172+0000] {spark_submit.py:649} INFO - Số bản ghi sau khi làm sạch: 5
[2025-11-30T09:30:23.173+0000] {spark_submit.py:649} INFO - Đang ghi dữ liệu vào: hdfs://hadoop-namenode:9000/clean-data/air-quality
[2025-11-30T09:30:24.489+0000] {spark_submit.py:649} INFO - Job completed successfully!
[2025-11-30T09:30:25.020+0000] {taskinstance.py:1138} INFO - Marking task as SUCCESS. dag_id=1_hourly_cleaning_and_report, task_id=clean_data, execution_date=20251130T080000, start_date=20251130T093014, end_date=20251130T093025
[2025-11-30T09:30:25.069+0000] {local_task_job_runner.py:234} INFO - Task exited with return code 0
[2025-11-30T09:30:25.104+0000] {taskinstance.py:3280} INFO - 1 downstream tasks scheduled from follow-on schedule check
